[0.004s] Invoking command in '/home/kriso/arm_tuto_WS/build/welder_moveit_config': AMENT_PREFIX_PATH=/home/kriso/arm_tuto_WS/install/welder_description:${AMENT_PREFIX_PATH} CMAKE_PREFIX_PATH=/opt/ros/humble:${CMAKE_PREFIX_PATH} PYTHONPATH=/home/kriso/arm_tuto_WS/install/welder_description/lib/python3.10/site-packages:${PYTHONPATH} /usr/bin/cmake /home/kriso/arm_tuto_WS/src/welder_moveit_config -DCMAKE_INSTALL_PREFIX=/home/kriso/arm_tuto_WS/install/welder_moveit_config
[0.056s] -- The C compiler identification is GNU 11.4.0
[0.106s] -- The CXX compiler identification is GNU 11.4.0
[0.113s] -- Detecting C compiler ABI info
[0.153s] -- Detecting C compiler ABI info - done
[0.158s] -- Check for working C compiler: /usr/bin/cc - skipped
[0.158s] -- Detecting C compile features
[0.158s] -- Detecting C compile features - done
[0.160s] -- Detecting CXX compiler ABI info
[0.225s] -- Detecting CXX compiler ABI info - done
[0.230s] -- Check for working CXX compiler: /usr/bin/c++ - skipped
[0.230s] -- Detecting CXX compile features
[0.230s] -- Detecting CXX compile features - done
[0.233s] -- Found ament_cmake: 1.3.11 (/opt/ros/humble/share/ament_cmake/cmake)
[0.335s] -- Found Python3: /usr/bin/python3 (found version "3.10.12") found components: Interpreter 
[0.443s] -- Configuring done
[0.444s] -- Generating done
[0.445s] -- Build files have been written to: /home/kriso/arm_tuto_WS/build/welder_moveit_config
[0.447s] Invoked command in '/home/kriso/arm_tuto_WS/build/welder_moveit_config' returned '0': AMENT_PREFIX_PATH=/home/kriso/arm_tuto_WS/install/welder_description:${AMENT_PREFIX_PATH} CMAKE_PREFIX_PATH=/opt/ros/humble:${CMAKE_PREFIX_PATH} PYTHONPATH=/home/kriso/arm_tuto_WS/install/welder_description/lib/python3.10/site-packages:${PYTHONPATH} /usr/bin/cmake /home/kriso/arm_tuto_WS/src/welder_moveit_config -DCMAKE_INSTALL_PREFIX=/home/kriso/arm_tuto_WS/install/welder_moveit_config
[0.449s] Invoking command in '/home/kriso/arm_tuto_WS/build/welder_moveit_config': AMENT_PREFIX_PATH=/home/kriso/arm_tuto_WS/install/welder_description:${AMENT_PREFIX_PATH} CMAKE_PREFIX_PATH=/opt/ros/humble:${CMAKE_PREFIX_PATH} PYTHONPATH=/home/kriso/arm_tuto_WS/install/welder_description/lib/python3.10/site-packages:${PYTHONPATH} /usr/bin/cmake --build /home/kriso/arm_tuto_WS/build/welder_moveit_config -- -j16 -l16
[0.470s] Invoked command in '/home/kriso/arm_tuto_WS/build/welder_moveit_config' returned '0': AMENT_PREFIX_PATH=/home/kriso/arm_tuto_WS/install/welder_description:${AMENT_PREFIX_PATH} CMAKE_PREFIX_PATH=/opt/ros/humble:${CMAKE_PREFIX_PATH} PYTHONPATH=/home/kriso/arm_tuto_WS/install/welder_description/lib/python3.10/site-packages:${PYTHONPATH} /usr/bin/cmake --build /home/kriso/arm_tuto_WS/build/welder_moveit_config -- -j16 -l16
[0.480s] Invoking command in '/home/kriso/arm_tuto_WS/build/welder_moveit_config': AMENT_PREFIX_PATH=/home/kriso/arm_tuto_WS/install/welder_description:${AMENT_PREFIX_PATH} CMAKE_PREFIX_PATH=/opt/ros/humble:${CMAKE_PREFIX_PATH} PYTHONPATH=/home/kriso/arm_tuto_WS/install/welder_description/lib/python3.10/site-packages:${PYTHONPATH} /usr/bin/cmake --install /home/kriso/arm_tuto_WS/build/welder_moveit_config
[0.487s] -- Install configuration: ""
[0.487s] -- Installing: /home/kriso/arm_tuto_WS/install/welder_moveit_config/share/ament_index/resource_index/package_run_dependencies/welder_moveit_config
[0.488s] -- Installing: /home/kriso/arm_tuto_WS/install/welder_moveit_config/share/ament_index/resource_index/parent_prefix_path/welder_moveit_config
[0.488s] -- Installing: /home/kriso/arm_tuto_WS/install/welder_moveit_config/share/welder_moveit_config/environment/ament_prefix_path.sh
[0.488s] -- Installing: /home/kriso/arm_tuto_WS/install/welder_moveit_config/share/welder_moveit_config/environment/ament_prefix_path.dsv
[0.488s] -- Installing: /home/kriso/arm_tuto_WS/install/welder_moveit_config/share/welder_moveit_config/environment/path.sh
[0.488s] -- Installing: /home/kriso/arm_tuto_WS/install/welder_moveit_config/share/welder_moveit_config/environment/path.dsv
[0.488s] -- Installing: /home/kriso/arm_tuto_WS/install/welder_moveit_config/share/welder_moveit_config/local_setup.bash
[0.489s] -- Installing: /home/kriso/arm_tuto_WS/install/welder_moveit_config/share/welder_moveit_config/local_setup.sh
[0.489s] -- Installing: /home/kriso/arm_tuto_WS/install/welder_moveit_config/share/welder_moveit_config/local_setup.zsh
[0.489s] -- Installing: /home/kriso/arm_tuto_WS/install/welder_moveit_config/share/welder_moveit_config/local_setup.dsv
[0.489s] -- Installing: /home/kriso/arm_tuto_WS/install/welder_moveit_config/share/welder_moveit_config/package.dsv
[0.489s] -- Installing: /home/kriso/arm_tuto_WS/install/welder_moveit_config/share/ament_index/resource_index/packages/welder_moveit_config
[0.489s] -- Installing: /home/kriso/arm_tuto_WS/install/welder_moveit_config/share/welder_moveit_config/cmake/welder_moveit_configConfig.cmake
[0.489s] -- Installing: /home/kriso/arm_tuto_WS/install/welder_moveit_config/share/welder_moveit_config/cmake/welder_moveit_configConfig-version.cmake
[0.490s] -- Installing: /home/kriso/arm_tuto_WS/install/welder_moveit_config/share/welder_moveit_config/package.xml
[0.490s] -- Installing: /home/kriso/arm_tuto_WS/install/welder_moveit_config/share/welder_moveit_config/launch
[0.490s] -- Installing: /home/kriso/arm_tuto_WS/install/welder_moveit_config/share/welder_moveit_config/launch/warehouse_db.launch.py
[0.490s] -- Installing: /home/kriso/arm_tuto_WS/install/welder_moveit_config/share/welder_moveit_config/launch/rsp.launch.py
[0.490s] -- Installing: /home/kriso/arm_tuto_WS/install/welder_moveit_config/share/welder_moveit_config/launch/static_virtual_joint_tfs.launch.py
[0.490s] -- Installing: /home/kriso/arm_tuto_WS/install/welder_moveit_config/share/welder_moveit_config/launch/setup_assistant.launch.py
[0.490s] -- Installing: /home/kriso/arm_tuto_WS/install/welder_moveit_config/share/welder_moveit_config/launch/move_group.launch.py
[0.490s] -- Installing: /home/kriso/arm_tuto_WS/install/welder_moveit_config/share/welder_moveit_config/launch/moveit_rviz.launch.py
[0.490s] -- Installing: /home/kriso/arm_tuto_WS/install/welder_moveit_config/share/welder_moveit_config/launch/spawn_controllers.launch.py
[0.490s] -- Installing: /home/kriso/arm_tuto_WS/install/welder_moveit_config/share/welder_moveit_config/launch/demo.launch.py
[0.490s] -- Installing: /home/kriso/arm_tuto_WS/install/welder_moveit_config/share/welder_moveit_config/config
[0.491s] -- Installing: /home/kriso/arm_tuto_WS/install/welder_moveit_config/share/welder_moveit_config/config/ros2_controllers.yaml
[0.491s] -- Installing: /home/kriso/arm_tuto_WS/install/welder_moveit_config/share/welder_moveit_config/config/welder.srdf
[0.491s] -- Installing: /home/kriso/arm_tuto_WS/install/welder_moveit_config/share/welder_moveit_config/config/pilz_cartesian_limits.yaml
[0.491s] -- Installing: /home/kriso/arm_tuto_WS/install/welder_moveit_config/share/welder_moveit_config/config/kinematics.yaml
[0.491s] -- Installing: /home/kriso/arm_tuto_WS/install/welder_moveit_config/share/welder_moveit_config/config/moveit.rviz
[0.491s] -- Installing: /home/kriso/arm_tuto_WS/install/welder_moveit_config/share/welder_moveit_config/config/joint_limits.yaml
[0.491s] -- Installing: /home/kriso/arm_tuto_WS/install/welder_moveit_config/share/welder_moveit_config/config/moveit_controllers.yaml
[0.491s] -- Installing: /home/kriso/arm_tuto_WS/install/welder_moveit_config/share/welder_moveit_config/config/welder.ros2_control.xacro
[0.491s] -- Installing: /home/kriso/arm_tuto_WS/install/welder_moveit_config/share/welder_moveit_config/config/welder.urdf.xacro
[0.491s] -- Installing: /home/kriso/arm_tuto_WS/install/welder_moveit_config/share/welder_moveit_config/config/initial_positions.yaml
[0.491s] [31mCMake Error at cmake_install.cmake:113 (file):
[0.491s]   file INSTALL cannot find
[0.491s]   "/home/kriso/arm_tuto_WS/src/welder_moveit_config/.setup_assistant": No
[0.491s]   such file or directory.
[0.491s] 
[0.491s] [0m
[0.492s] Invoked command in '/home/kriso/arm_tuto_WS/build/welder_moveit_config' returned '1': AMENT_PREFIX_PATH=/home/kriso/arm_tuto_WS/install/welder_description:${AMENT_PREFIX_PATH} CMAKE_PREFIX_PATH=/opt/ros/humble:${CMAKE_PREFIX_PATH} PYTHONPATH=/home/kriso/arm_tuto_WS/install/welder_description/lib/python3.10/site-packages:${PYTHONPATH} /usr/bin/cmake --install /home/kriso/arm_tuto_WS/build/welder_moveit_config
