running develop
Removing /home/kriso/arm_tuto_WS/install/welder_description/lib/python3.10/site-packages/welder-description.egg-link (link to .)
running egg_info
writing ../../build/welder_description/welder_description.egg-info/PKG-INFO
writing dependency_links to ../../build/welder_description/welder_description.egg-info/dependency_links.txt
writing entry points to ../../build/welder_description/welder_description.egg-info/entry_points.txt
writing requirements to ../../build/welder_description/welder_description.egg-info/requires.txt
writing top-level names to ../../build/welder_description/welder_description.egg-info/top_level.txt
reading manifest file '../../build/welder_description/welder_description.egg-info/SOURCES.txt'
writing manifest file '../../build/welder_description/welder_description.egg-info/SOURCES.txt'
running build
running build_py
creating /home/kriso/arm_tuto_WS/build/welder_description/build
creating /home/kriso/arm_tuto_WS/build/welder_description/build/lib
creating /home/kriso/arm_tuto_WS/build/welder_description/build/lib/welder_description
copying welder_description/__init__.py -> /home/kriso/arm_tuto_WS/build/welder_description/build/lib/welder_description
running install
running install_lib
creating /home/kriso/arm_tuto_WS/install/welder_description/lib/python3.10/site-packages/welder_description
copying /home/kriso/arm_tuto_WS/build/welder_description/build/lib/welder_description/__init__.py -> /home/kriso/arm_tuto_WS/install/welder_description/lib/python3.10/site-packages/welder_description
byte-compiling /home/kriso/arm_tuto_WS/install/welder_description/lib/python3.10/site-packages/welder_description/__init__.py to __init__.cpython-310.pyc
running install_data
copying resource/welder_description -> /home/kriso/arm_tuto_WS/install/welder_description/share/ament_index/resource_index/packages
copying package.xml -> /home/kriso/arm_tuto_WS/install/welder_description/share/welder_description
copying launch/gazebo.launch.py -> /home/kriso/arm_tuto_WS/install/welder_description/share/welder_description/launch
copying launch/display.launch.py -> /home/kriso/arm_tuto_WS/install/welder_description/share/welder_description/launch
copying urdf/welder.xacro -> /home/kriso/arm_tuto_WS/install/welder_description/share/welder_description/urdf
copying urdf/welder.trans -> /home/kriso/arm_tuto_WS/install/welder_description/share/welder_description/urdf
copying urdf/welder.gazebo -> /home/kriso/arm_tuto_WS/install/welder_description/share/welder_description/urdf
copying urdf/welder.urdf -> /home/kriso/arm_tuto_WS/install/welder_description/share/welder_description/urdf
copying urdf/ros2_control.xacro -> /home/kriso/arm_tuto_WS/install/welder_description/share/welder_description/urdf
copying meshes/link_1_1.stl -> /home/kriso/arm_tuto_WS/install/welder_description/share/welder_description/meshes
copying meshes/link_4_1.stl -> /home/kriso/arm_tuto_WS/install/welder_description/share/welder_description/meshes
copying meshes/base_link.stl -> /home/kriso/arm_tuto_WS/install/welder_description/share/welder_description/meshes
copying meshes/link_2_1.stl -> /home/kriso/arm_tuto_WS/install/welder_description/share/welder_description/meshes
copying meshes/link_6_1.stl -> /home/kriso/arm_tuto_WS/install/welder_description/share/welder_description/meshes
copying meshes/link_5_1.stl -> /home/kriso/arm_tuto_WS/install/welder_description/share/welder_description/meshes
copying meshes/link_3_1.stl -> /home/kriso/arm_tuto_WS/install/welder_description/share/welder_description/meshes
copying config/display.rviz -> /home/kriso/arm_tuto_WS/install/welder_description/share/welder_description/config
copying config/my_controllers.yaml -> /home/kriso/arm_tuto_WS/install/welder_description/share/welder_description/config
running install_egg_info
Copying ../../build/welder_description/welder_description.egg-info to /home/kriso/arm_tuto_WS/install/welder_description/lib/python3.10/site-packages/welder_description-0.0.0-py3.10.egg-info
running install_scripts
writing list of installed files to '/home/kriso/arm_tuto_WS/build/welder_description/install.log'
