[0.493s] Invoking command in '/home/kriso/arm_tuto_WS/build/welder_description': PYTHONPATH=/home/kriso/arm_tuto_WS/build/welder_description/prefix_override:/usr/lib/python3/dist-packages/colcon_core/task/python/colcon_distutils_commands:/home/kriso/arm_tuto_WS/install/welder_description/lib/python3.10/site-packages:${PYTHONPATH} /usr/bin/python3 -W ignore:setup.py install is deprecated -W ignore:easy_install command is deprecated setup.py develop --uninstall --editable --build-directory /home/kriso/arm_tuto_WS/build/welder_description/build
[0.660s] running develop
[0.700s] /usr/lib/python3/dist-packages/pkg_resources/__init__.py:116: PkgResourcesDeprecationWarning: 1.12.1-git20200711.33e2d80-dfsg1-0.6 is an invalid version and will not be supported in a future release
[0.700s]   warnings.warn(
[0.777s] Removing /home/kriso/arm_tuto_WS/install/welder_description/lib/python3.10/site-packages/welder-description.egg-link (link to .)
[0.793s] Invoked command in '/home/kriso/arm_tuto_WS/build/welder_description' returned '0': PYTHONPATH=/home/kriso/arm_tuto_WS/build/welder_description/prefix_override:/usr/lib/python3/dist-packages/colcon_core/task/python/colcon_distutils_commands:/home/kriso/arm_tuto_WS/install/welder_description/lib/python3.10/site-packages:${PYTHONPATH} /usr/bin/python3 -W ignore:setup.py install is deprecated -W ignore:easy_install command is deprecated setup.py develop --uninstall --editable --build-directory /home/kriso/arm_tuto_WS/build/welder_description/build
[0.793s] Invoking command in '/home/kriso/arm_tuto_WS/src/welder_description': PYTHONPATH=/home/kriso/arm_tuto_WS/build/welder_description/prefix_override:/usr/lib/python3/dist-packages/colcon_core/task/python/colcon_distutils_commands:/home/kriso/arm_tuto_WS/install/welder_description/lib/python3.10/site-packages:${PYTHONPATH} /usr/bin/python3 -W ignore:setup.py install is deprecated -W ignore:easy_install command is deprecated setup.py egg_info --egg-base ../../build/welder_description build --build-base /home/kriso/arm_tuto_WS/build/welder_description/build install --record /home/kriso/arm_tuto_WS/build/welder_description/install.log --single-version-externally-managed install_data --force
[0.951s] running egg_info
[0.951s] writing ../../build/welder_description/welder_description.egg-info/PKG-INFO
[0.952s] writing dependency_links to ../../build/welder_description/welder_description.egg-info/dependency_links.txt
[0.952s] writing entry points to ../../build/welder_description/welder_description.egg-info/entry_points.txt
[0.952s] writing requirements to ../../build/welder_description/welder_description.egg-info/requires.txt
[0.952s] writing top-level names to ../../build/welder_description/welder_description.egg-info/top_level.txt
[0.953s] reading manifest file '../../build/welder_description/welder_description.egg-info/SOURCES.txt'
[0.953s] writing manifest file '../../build/welder_description/welder_description.egg-info/SOURCES.txt'
[0.953s] running build
[0.954s] running build_py
[0.954s] creating /home/kriso/arm_tuto_WS/build/welder_description/build
[0.954s] creating /home/kriso/arm_tuto_WS/build/welder_description/build/lib
[0.954s] creating /home/kriso/arm_tuto_WS/build/welder_description/build/lib/welder_description
[0.954s] copying welder_description/__init__.py -> /home/kriso/arm_tuto_WS/build/welder_description/build/lib/welder_description
[0.954s] running install
[0.954s] running install_lib
[0.954s] creating /home/kriso/arm_tuto_WS/install/welder_description/lib/python3.10/site-packages/welder_description
[0.954s] copying /home/kriso/arm_tuto_WS/build/welder_description/build/lib/welder_description/__init__.py -> /home/kriso/arm_tuto_WS/install/welder_description/lib/python3.10/site-packages/welder_description
[0.955s] byte-compiling /home/kriso/arm_tuto_WS/install/welder_description/lib/python3.10/site-packages/welder_description/__init__.py to __init__.cpython-310.pyc
[0.955s] running install_data
[0.955s] copying resource/welder_description -> /home/kriso/arm_tuto_WS/install/welder_description/share/ament_index/resource_index/packages
[0.955s] copying package.xml -> /home/kriso/arm_tuto_WS/install/welder_description/share/welder_description
[0.955s] copying launch/gazebo.launch.py -> /home/kriso/arm_tuto_WS/install/welder_description/share/welder_description/launch
[0.955s] copying launch/display.launch.py -> /home/kriso/arm_tuto_WS/install/welder_description/share/welder_description/launch
[0.955s] copying urdf/welder.xacro -> /home/kriso/arm_tuto_WS/install/welder_description/share/welder_description/urdf
[0.955s] copying urdf/welder.trans -> /home/kriso/arm_tuto_WS/install/welder_description/share/welder_description/urdf
[0.955s] copying urdf/welder.gazebo -> /home/kriso/arm_tuto_WS/install/welder_description/share/welder_description/urdf
[0.955s] copying urdf/welder.urdf -> /home/kriso/arm_tuto_WS/install/welder_description/share/welder_description/urdf
[0.955s] copying urdf/ros2_control.xacro -> /home/kriso/arm_tuto_WS/install/welder_description/share/welder_description/urdf
[0.955s] copying meshes/link_1_1.stl -> /home/kriso/arm_tuto_WS/install/welder_description/share/welder_description/meshes
[0.955s] copying meshes/link_4_1.stl -> /home/kriso/arm_tuto_WS/install/welder_description/share/welder_description/meshes
[0.956s] copying meshes/base_link.stl -> /home/kriso/arm_tuto_WS/install/welder_description/share/welder_description/meshes
[0.956s] copying meshes/link_2_1.stl -> /home/kriso/arm_tuto_WS/install/welder_description/share/welder_description/meshes
[0.956s] copying meshes/link_6_1.stl -> /home/kriso/arm_tuto_WS/install/welder_description/share/welder_description/meshes
[0.956s] copying meshes/link_5_1.stl -> /home/kriso/arm_tuto_WS/install/welder_description/share/welder_description/meshes
[0.956s] copying meshes/link_3_1.stl -> /home/kriso/arm_tuto_WS/install/welder_description/share/welder_description/meshes
[0.956s] copying config/display.rviz -> /home/kriso/arm_tuto_WS/install/welder_description/share/welder_description/config
[0.956s] copying config/my_controllers.yaml -> /home/kriso/arm_tuto_WS/install/welder_description/share/welder_description/config
[0.956s] running install_egg_info
[0.957s] Copying ../../build/welder_description/welder_description.egg-info to /home/kriso/arm_tuto_WS/install/welder_description/lib/python3.10/site-packages/welder_description-0.0.0-py3.10.egg-info
[0.960s] running install_scripts
[0.973s] writing list of installed files to '/home/kriso/arm_tuto_WS/build/welder_description/install.log'
[0.987s] Invoked command in '/home/kriso/arm_tuto_WS/src/welder_description' returned '0': PYTHONPATH=/home/kriso/arm_tuto_WS/build/welder_description/prefix_override:/usr/lib/python3/dist-packages/colcon_core/task/python/colcon_distutils_commands:/home/kriso/arm_tuto_WS/install/welder_description/lib/python3.10/site-packages:${PYTHONPATH} /usr/bin/python3 -W ignore:setup.py install is deprecated -W ignore:easy_install command is deprecated setup.py egg_info --egg-base ../../build/welder_description build --build-base /home/kriso/arm_tuto_WS/build/welder_description/build install --record /home/kriso/arm_tuto_WS/build/welder_description/install.log --single-version-externally-managed install_data --force
