[0.064s] DEBUG:colcon:Command line arguments: ['/usr/bin/colcon', 'build', '--packages-select', 'welder_description']
[0.064s] DEBUG:colcon:Parsed command line arguments: Namespace(log_base=None, log_level=None, verb_name='build', build_base='build', install_base='install', merge_install=False, symlink_install=False, test_result_base=None, continue_on_error=False, executor='parallel', parallel_workers=16, event_handlers=None, ignore_user_meta=False, metas=['./colcon.meta'], base_paths=['.'], packages_ignore=None, packages_ignore_regex=None, paths=None, packages_up_to=None, packages_up_to_regex=None, packages_above=None, packages_above_and_dependencies=None, packages_above_depth=None, packages_select_by_dep=None, packages_skip_by_dep=None, packages_skip_up_to=None, packages_select_build_failed=False, packages_skip_build_finished=False, packages_select_test_failures=False, packages_skip_test_passed=False, packages_select=['welder_description'], packages_skip=None, packages_select_regex=None, packages_skip_regex=None, packages_start=None, packages_end=None, allow_overriding=[], cmake_args=None, cmake_target=None, cmake_target_skip_unavailable=False, cmake_clean_cache=False, cmake_clean_first=False, cmake_force_configure=False, ament_cmake_args=None, catkin_cmake_args=None, catkin_skip_building_tests=False, verb_parser=<colcon_defaults.argument_parser.defaults.DefaultArgumentsDecorator object at 0x795524572530>, verb_extension=<colcon_core.verb.build.BuildVerb object at 0x7955245720b0>, main=<bound method BuildVerb.main of <colcon_core.verb.build.BuildVerb object at 0x7955245720b0>>)
[0.179s] Level 1:colcon.colcon_core.package_discovery:discover_packages(colcon_meta) check parameters
[0.179s] Level 1:colcon.colcon_core.package_discovery:discover_packages(recursive) check parameters
[0.179s] Level 1:colcon.colcon_core.package_discovery:discover_packages(ignore) check parameters
[0.179s] Level 1:colcon.colcon_core.package_discovery:discover_packages(path) check parameters
[0.179s] Level 1:colcon.colcon_core.package_discovery:discover_packages(colcon_meta) discover
[0.179s] Level 1:colcon.colcon_core.package_discovery:discover_packages(recursive) discover
[0.179s] INFO:colcon.colcon_core.package_discovery:Crawling recursively for packages in '/home/kriso/arm_tuto_WS'
[0.179s] Level 1:colcon.colcon_core.package_identification:_identify(.) by extensions ['ignore', 'ignore_ament_install']
[0.179s] Level 1:colcon.colcon_core.package_identification:_identify(.) by extension 'ignore'
[0.179s] Level 1:colcon.colcon_core.package_identification:_identify(.) by extension 'ignore_ament_install'
[0.179s] Level 1:colcon.colcon_core.package_identification:_identify(.) by extensions ['colcon_pkg']
[0.179s] Level 1:colcon.colcon_core.package_identification:_identify(.) by extension 'colcon_pkg'
[0.179s] Level 1:colcon.colcon_core.package_identification:_identify(.) by extensions ['colcon_meta']
[0.179s] Level 1:colcon.colcon_core.package_identification:_identify(.) by extension 'colcon_meta'
[0.179s] Level 1:colcon.colcon_core.package_identification:_identify(.) by extensions ['ros']
[0.179s] Level 1:colcon.colcon_core.package_identification:_identify(.) by extension 'ros'
[0.186s] Level 1:colcon.colcon_core.package_identification:_identify(.) by extensions ['cmake', 'python']
[0.186s] Level 1:colcon.colcon_core.package_identification:_identify(.) by extension 'cmake'
[0.186s] Level 1:colcon.colcon_core.package_identification:_identify(.) by extension 'python'
[0.186s] Level 1:colcon.colcon_core.package_identification:_identify(.) by extensions ['python_setup_py']
[0.186s] Level 1:colcon.colcon_core.package_identification:_identify(.) by extension 'python_setup_py'
[0.186s] Level 1:colcon.colcon_core.package_identification:_identify(build) by extensions ['ignore', 'ignore_ament_install']
[0.186s] Level 1:colcon.colcon_core.package_identification:_identify(build) by extension 'ignore'
[0.186s] Level 1:colcon.colcon_core.package_identification:_identify(build) ignored
[0.186s] Level 1:colcon.colcon_core.package_identification:_identify(install) by extensions ['ignore', 'ignore_ament_install']
[0.186s] Level 1:colcon.colcon_core.package_identification:_identify(install) by extension 'ignore'
[0.186s] Level 1:colcon.colcon_core.package_identification:_identify(install) ignored
[0.186s] Level 1:colcon.colcon_core.package_identification:_identify(log) by extensions ['ignore', 'ignore_ament_install']
[0.186s] Level 1:colcon.colcon_core.package_identification:_identify(log) by extension 'ignore'
[0.186s] Level 1:colcon.colcon_core.package_identification:_identify(log) ignored
[0.186s] Level 1:colcon.colcon_core.package_identification:_identify(src) by extensions ['ignore', 'ignore_ament_install']
[0.186s] Level 1:colcon.colcon_core.package_identification:_identify(src) by extension 'ignore'
[0.186s] Level 1:colcon.colcon_core.package_identification:_identify(src) by extension 'ignore_ament_install'
[0.186s] Level 1:colcon.colcon_core.package_identification:_identify(src) by extensions ['colcon_pkg']
[0.186s] Level 1:colcon.colcon_core.package_identification:_identify(src) by extension 'colcon_pkg'
[0.186s] Level 1:colcon.colcon_core.package_identification:_identify(src) by extensions ['colcon_meta']
[0.186s] Level 1:colcon.colcon_core.package_identification:_identify(src) by extension 'colcon_meta'
[0.186s] Level 1:colcon.colcon_core.package_identification:_identify(src) by extensions ['ros']
[0.186s] Level 1:colcon.colcon_core.package_identification:_identify(src) by extension 'ros'
[0.186s] Level 1:colcon.colcon_core.package_identification:_identify(src) by extensions ['cmake', 'python']
[0.186s] Level 1:colcon.colcon_core.package_identification:_identify(src) by extension 'cmake'
[0.186s] Level 1:colcon.colcon_core.package_identification:_identify(src) by extension 'python'
[0.187s] Level 1:colcon.colcon_core.package_identification:_identify(src) by extensions ['python_setup_py']
[0.187s] Level 1:colcon.colcon_core.package_identification:_identify(src) by extension 'python_setup_py'
[0.187s] Level 1:colcon.colcon_core.package_identification:_identify(src/welder_control) by extensions ['ignore', 'ignore_ament_install']
[0.187s] Level 1:colcon.colcon_core.package_identification:_identify(src/welder_control) by extension 'ignore'
[0.187s] Level 1:colcon.colcon_core.package_identification:_identify(src/welder_control) by extension 'ignore_ament_install'
[0.187s] Level 1:colcon.colcon_core.package_identification:_identify(src/welder_control) by extensions ['colcon_pkg']
[0.187s] Level 1:colcon.colcon_core.package_identification:_identify(src/welder_control) by extension 'colcon_pkg'
[0.187s] Level 1:colcon.colcon_core.package_identification:_identify(src/welder_control) by extensions ['colcon_meta']
[0.187s] Level 1:colcon.colcon_core.package_identification:_identify(src/welder_control) by extension 'colcon_meta'
[0.187s] Level 1:colcon.colcon_core.package_identification:_identify(src/welder_control) by extensions ['ros']
[0.187s] Level 1:colcon.colcon_core.package_identification:_identify(src/welder_control) by extension 'ros'
[0.189s] DEBUG:colcon.colcon_core.package_identification:Package 'src/welder_control' with type 'ros.ament_python' and name 'welder_control'
[0.189s] Level 1:colcon.colcon_core.package_identification:_identify(src/welder_description) by extensions ['ignore', 'ignore_ament_install']
[0.189s] Level 1:colcon.colcon_core.package_identification:_identify(src/welder_description) by extension 'ignore'
[0.189s] Level 1:colcon.colcon_core.package_identification:_identify(src/welder_description) by extension 'ignore_ament_install'
[0.189s] Level 1:colcon.colcon_core.package_identification:_identify(src/welder_description) by extensions ['colcon_pkg']
[0.189s] Level 1:colcon.colcon_core.package_identification:_identify(src/welder_description) by extension 'colcon_pkg'
[0.189s] Level 1:colcon.colcon_core.package_identification:_identify(src/welder_description) by extensions ['colcon_meta']
[0.189s] Level 1:colcon.colcon_core.package_identification:_identify(src/welder_description) by extension 'colcon_meta'
[0.189s] Level 1:colcon.colcon_core.package_identification:_identify(src/welder_description) by extensions ['ros']
[0.189s] Level 1:colcon.colcon_core.package_identification:_identify(src/welder_description) by extension 'ros'
[0.189s] DEBUG:colcon.colcon_core.package_identification:Package 'src/welder_description' with type 'ros.ament_python' and name 'welder_description'
[0.189s] Level 1:colcon.colcon_core.package_identification:_identify(src/welder_moveit_config) by extensions ['ignore', 'ignore_ament_install']
[0.189s] Level 1:colcon.colcon_core.package_identification:_identify(src/welder_moveit_config) by extension 'ignore'
[0.190s] Level 1:colcon.colcon_core.package_identification:_identify(src/welder_moveit_config) by extension 'ignore_ament_install'
[0.190s] Level 1:colcon.colcon_core.package_identification:_identify(src/welder_moveit_config) by extensions ['colcon_pkg']
[0.190s] Level 1:colcon.colcon_core.package_identification:_identify(src/welder_moveit_config) by extension 'colcon_pkg'
[0.190s] Level 1:colcon.colcon_core.package_identification:_identify(src/welder_moveit_config) by extensions ['colcon_meta']
[0.190s] Level 1:colcon.colcon_core.package_identification:_identify(src/welder_moveit_config) by extension 'colcon_meta'
[0.190s] Level 1:colcon.colcon_core.package_identification:_identify(src/welder_moveit_config) by extensions ['ros']
[0.190s] Level 1:colcon.colcon_core.package_identification:_identify(src/welder_moveit_config) by extension 'ros'
[0.190s] DEBUG:colcon.colcon_core.package_identification:Package 'src/welder_moveit_config' with type 'ros.ament_cmake' and name 'welder_moveit_config'
[0.190s] Level 1:colcon.colcon_core.package_discovery:discover_packages(recursive) using defaults
[0.190s] Level 1:colcon.colcon_core.package_discovery:discover_packages(ignore) discover
[0.190s] Level 1:colcon.colcon_core.package_discovery:discover_packages(ignore) using defaults
[0.190s] Level 1:colcon.colcon_core.package_discovery:discover_packages(path) discover
[0.190s] Level 1:colcon.colcon_core.package_discovery:discover_packages(path) using defaults
[0.208s] INFO:colcon.colcon_core.package_selection:Skipping not selected package 'welder_control' in 'src/welder_control'
[0.208s] INFO:colcon.colcon_core.package_selection:Skipping not selected package 'welder_moveit_config' in 'src/welder_moveit_config'
[0.208s] Level 1:colcon.colcon_core.package_discovery:discover_packages(prefix_path) check parameters
[0.208s] Level 1:colcon.colcon_core.package_discovery:discover_packages(prefix_path) discover
[0.209s] DEBUG:colcon.colcon_installed_package_information.package_discovery:Found 3 installed packages in /home/kriso/arm_tuto_WS/install
[0.210s] DEBUG:colcon.colcon_installed_package_information.package_discovery:Found 363 installed packages in /opt/ros/humble
[0.211s] Level 1:colcon.colcon_core.package_discovery:discover_packages(prefix_path) using defaults
[0.237s] Level 5:colcon.colcon_core.verb:set package 'welder_description' build argument 'cmake_args' from command line to 'None'
[0.237s] Level 5:colcon.colcon_core.verb:set package 'welder_description' build argument 'cmake_target' from command line to 'None'
[0.237s] Level 5:colcon.colcon_core.verb:set package 'welder_description' build argument 'cmake_target_skip_unavailable' from command line to 'False'
[0.237s] Level 5:colcon.colcon_core.verb:set package 'welder_description' build argument 'cmake_clean_cache' from command line to 'False'
[0.237s] Level 5:colcon.colcon_core.verb:set package 'welder_description' build argument 'cmake_clean_first' from command line to 'False'
[0.237s] Level 5:colcon.colcon_core.verb:set package 'welder_description' build argument 'cmake_force_configure' from command line to 'False'
[0.237s] Level 5:colcon.colcon_core.verb:set package 'welder_description' build argument 'ament_cmake_args' from command line to 'None'
[0.237s] Level 5:colcon.colcon_core.verb:set package 'welder_description' build argument 'catkin_cmake_args' from command line to 'None'
[0.237s] Level 5:colcon.colcon_core.verb:set package 'welder_description' build argument 'catkin_skip_building_tests' from command line to 'False'
[0.237s] DEBUG:colcon.colcon_core.verb:Building package 'welder_description' with the following arguments: {'ament_cmake_args': None, 'build_base': '/home/kriso/arm_tuto_WS/build/welder_description', 'catkin_cmake_args': None, 'catkin_skip_building_tests': False, 'cmake_args': None, 'cmake_clean_cache': False, 'cmake_clean_first': False, 'cmake_force_configure': False, 'cmake_target': None, 'cmake_target_skip_unavailable': False, 'install_base': '/home/kriso/arm_tuto_WS/install/welder_description', 'merge_install': False, 'path': '/home/kriso/arm_tuto_WS/src/welder_description', 'symlink_install': False, 'test_result_base': None}
[0.237s] INFO:colcon.colcon_core.executor:Executing jobs using 'parallel' executor
[0.238s] DEBUG:colcon.colcon_parallel_executor.executor.parallel:run_until_complete
[0.238s] INFO:colcon.colcon_ros.task.ament_python.build:Building ROS package in '/home/kriso/arm_tuto_WS/src/welder_description' with build type 'ament_python'
[0.238s] Level 1:colcon.colcon_core.shell:create_environment_hook('welder_description', 'ament_prefix_path')
[0.239s] INFO:colcon.colcon_core.plugin_system:Skipping extension 'colcon_core.shell.bat': Not used on non-Windows systems
[0.239s] INFO:colcon.colcon_core.shell:Creating environment hook '/home/kriso/arm_tuto_WS/install/welder_description/share/welder_description/hook/ament_prefix_path.ps1'
[0.240s] INFO:colcon.colcon_core.shell:Creating environment descriptor '/home/kriso/arm_tuto_WS/install/welder_description/share/welder_description/hook/ament_prefix_path.dsv'
[0.240s] INFO:colcon.colcon_core.shell:Creating environment hook '/home/kriso/arm_tuto_WS/install/welder_description/share/welder_description/hook/ament_prefix_path.sh'
[0.241s] INFO:colcon.colcon_core.shell:Skip shell extension 'powershell' for command environment: Not usable outside of PowerShell
[0.241s] DEBUG:colcon.colcon_core.shell:Skip shell extension 'dsv' for command environment
[0.415s] INFO:colcon.colcon_core.task.python.build:Building Python package in '/home/kriso/arm_tuto_WS/src/welder_description'
[0.415s] INFO:colcon.colcon_core.shell:Skip shell extension 'powershell' for command environment: Not usable outside of PowerShell
[0.415s] DEBUG:colcon.colcon_core.shell:Skip shell extension 'dsv' for command environment
[0.732s] DEBUG:colcon.colcon_core.event_handler.log_command:Invoking command in '/home/kriso/arm_tuto_WS/build/welder_description': PYTHONPATH=/home/kriso/arm_tuto_WS/build/welder_description/prefix_override:/usr/lib/python3/dist-packages/colcon_core/task/python/colcon_distutils_commands:/home/kriso/arm_tuto_WS/install/welder_description/lib/python3.10/site-packages:${PYTHONPATH} /usr/bin/python3 -W ignore:setup.py install is deprecated -W ignore:easy_install command is deprecated setup.py develop --uninstall --editable --build-directory /home/kriso/arm_tuto_WS/build/welder_description/build
[1.031s] DEBUG:colcon.colcon_core.event_handler.log_command:Invoked command in '/home/kriso/arm_tuto_WS/build/welder_description' returned '0': PYTHONPATH=/home/kriso/arm_tuto_WS/build/welder_description/prefix_override:/usr/lib/python3/dist-packages/colcon_core/task/python/colcon_distutils_commands:/home/kriso/arm_tuto_WS/install/welder_description/lib/python3.10/site-packages:${PYTHONPATH} /usr/bin/python3 -W ignore:setup.py install is deprecated -W ignore:easy_install command is deprecated setup.py develop --uninstall --editable --build-directory /home/kriso/arm_tuto_WS/build/welder_description/build
[1.032s] DEBUG:colcon.colcon_core.event_handler.log_command:Invoking command in '/home/kriso/arm_tuto_WS/src/welder_description': PYTHONPATH=/home/kriso/arm_tuto_WS/build/welder_description/prefix_override:/usr/lib/python3/dist-packages/colcon_core/task/python/colcon_distutils_commands:/home/kriso/arm_tuto_WS/install/welder_description/lib/python3.10/site-packages:${PYTHONPATH} /usr/bin/python3 -W ignore:setup.py install is deprecated -W ignore:easy_install command is deprecated setup.py egg_info --egg-base ../../build/welder_description build --build-base /home/kriso/arm_tuto_WS/build/welder_description/build install --record /home/kriso/arm_tuto_WS/build/welder_description/install.log --single-version-externally-managed install_data --force
[1.225s] DEBUG:colcon.colcon_core.event_handler.log_command:Invoked command in '/home/kriso/arm_tuto_WS/src/welder_description' returned '0': PYTHONPATH=/home/kriso/arm_tuto_WS/build/welder_description/prefix_override:/usr/lib/python3/dist-packages/colcon_core/task/python/colcon_distutils_commands:/home/kriso/arm_tuto_WS/install/welder_description/lib/python3.10/site-packages:${PYTHONPATH} /usr/bin/python3 -W ignore:setup.py install is deprecated -W ignore:easy_install command is deprecated setup.py egg_info --egg-base ../../build/welder_description build --build-base /home/kriso/arm_tuto_WS/build/welder_description/build install --record /home/kriso/arm_tuto_WS/build/welder_description/install.log --single-version-externally-managed install_data --force
[1.226s] Level 1:colcon.colcon_core.environment:checking '/home/kriso/arm_tuto_WS/install/welder_description' for CMake module files
[1.227s] Level 1:colcon.colcon_core.environment:checking '/home/kriso/arm_tuto_WS/install/welder_description' for CMake config files
[1.227s] Level 1:colcon.colcon_core.environment:checking '/home/kriso/arm_tuto_WS/install/welder_description/lib'
[1.227s] Level 1:colcon.colcon_core.environment:checking '/home/kriso/arm_tuto_WS/install/welder_description/bin'
[1.227s] Level 1:colcon.colcon_core.environment:checking '/home/kriso/arm_tuto_WS/install/welder_description/lib/pkgconfig/welder_description.pc'
[1.227s] Level 1:colcon.colcon_core.environment:checking '/home/kriso/arm_tuto_WS/install/welder_description/lib/python3.10/site-packages'
[1.227s] Level 1:colcon.colcon_core.shell:create_environment_hook('welder_description', 'pythonpath')
[1.227s] INFO:colcon.colcon_core.shell:Creating environment hook '/home/kriso/arm_tuto_WS/install/welder_description/share/welder_description/hook/pythonpath.ps1'
[1.228s] INFO:colcon.colcon_core.shell:Creating environment descriptor '/home/kriso/arm_tuto_WS/install/welder_description/share/welder_description/hook/pythonpath.dsv'
[1.228s] INFO:colcon.colcon_core.shell:Creating environment hook '/home/kriso/arm_tuto_WS/install/welder_description/share/welder_description/hook/pythonpath.sh'
[1.228s] Level 1:colcon.colcon_core.environment:checking '/home/kriso/arm_tuto_WS/install/welder_description/bin'
[1.228s] Level 1:colcon.colcon_core.environment:create_environment_scripts_only(welder_description)
[1.228s] INFO:colcon.colcon_core.shell:Creating package script '/home/kriso/arm_tuto_WS/install/welder_description/share/welder_description/package.ps1'
[1.229s] INFO:colcon.colcon_core.shell:Creating package descriptor '/home/kriso/arm_tuto_WS/install/welder_description/share/welder_description/package.dsv'
[1.229s] INFO:colcon.colcon_core.shell:Creating package script '/home/kriso/arm_tuto_WS/install/welder_description/share/welder_description/package.sh'
[1.230s] INFO:colcon.colcon_core.shell:Creating package script '/home/kriso/arm_tuto_WS/install/welder_description/share/welder_description/package.bash'
[1.230s] INFO:colcon.colcon_core.shell:Creating package script '/home/kriso/arm_tuto_WS/install/welder_description/share/welder_description/package.zsh'
[1.230s] Level 1:colcon.colcon_core.environment:create_file_with_runtime_dependencies(/home/kriso/arm_tuto_WS/install/welder_description/share/colcon-core/packages/welder_description)
[1.231s] DEBUG:colcon.colcon_parallel_executor.executor.parallel:closing loop
[1.231s] DEBUG:colcon.colcon_parallel_executor.executor.parallel:loop closed
[1.231s] DEBUG:colcon.colcon_parallel_executor.executor.parallel:run_until_complete finished with '0'
[1.231s] DEBUG:colcon.colcon_core.event_reactor:joining thread
[1.235s] INFO:colcon.colcon_core.plugin_system:Skipping extension 'colcon_notification.desktop_notification.terminal_notifier': Not used on non-Darwin systems
[1.235s] INFO:colcon.colcon_core.plugin_system:Skipping extension 'colcon_notification.desktop_notification.win32': Not used on non-Windows systems
[1.235s] INFO:colcon.colcon_notification.desktop_notification:Sending desktop notification using 'notify2'
[1.241s] DEBUG:colcon.colcon_core.event_reactor:joined thread
[1.242s] INFO:colcon.colcon_core.shell:Creating prefix script '/home/kriso/arm_tuto_WS/install/local_setup.ps1'
[1.242s] INFO:colcon.colcon_core.shell:Creating prefix util module '/home/kriso/arm_tuto_WS/install/_local_setup_util_ps1.py'
[1.243s] INFO:colcon.colcon_core.shell:Creating prefix chain script '/home/kriso/arm_tuto_WS/install/setup.ps1'
[1.244s] INFO:colcon.colcon_core.shell:Creating prefix script '/home/kriso/arm_tuto_WS/install/local_setup.sh'
[1.244s] INFO:colcon.colcon_core.shell:Creating prefix util module '/home/kriso/arm_tuto_WS/install/_local_setup_util_sh.py'
[1.245s] INFO:colcon.colcon_core.shell:Creating prefix chain script '/home/kriso/arm_tuto_WS/install/setup.sh'
[1.245s] INFO:colcon.colcon_core.shell:Creating prefix script '/home/kriso/arm_tuto_WS/install/local_setup.bash'
[1.246s] INFO:colcon.colcon_core.shell:Creating prefix chain script '/home/kriso/arm_tuto_WS/install/setup.bash'
[1.246s] INFO:colcon.colcon_core.shell:Creating prefix script '/home/kriso/arm_tuto_WS/install/local_setup.zsh'
[1.247s] INFO:colcon.colcon_core.shell:Creating prefix chain script '/home/kriso/arm_tuto_WS/install/setup.zsh'
