[0.803s] Invoking command in '/home/kriso/arm_tuto_WS/src/welder_description': PYTHONPATH=/home/kriso/arm_tuto_WS/build/welder_description/prefix_override:/usr/lib/python3/dist-packages/colcon_core/task/python/colcon_distutils_commands:/home/kriso/arm_tuto_WS/install/welder_description/lib/python3.10/site-packages:${PYTHONPATH} /usr/bin/python3 -W ignore:setup.py install is deprecated -W ignore:easy_install command is deprecated setup.py egg_info --egg-base ../../build/welder_description build --build-base /home/kriso/arm_tuto_WS/build/welder_description/build install --record /home/kriso/arm_tuto_WS/build/welder_description/install.log --single-version-externally-managed install_data
[0.969s] running egg_info
[0.969s] creating ../../build/welder_description/welder_description.egg-info
[0.969s] writing ../../build/welder_description/welder_description.egg-info/PKG-INFO
[0.969s] writing dependency_links to ../../build/welder_description/welder_description.egg-info/dependency_links.txt
[0.969s] writing entry points to ../../build/welder_description/welder_description.egg-info/entry_points.txt
[0.969s] writing requirements to ../../build/welder_description/welder_description.egg-info/requires.txt
[0.969s] writing top-level names to ../../build/welder_description/welder_description.egg-info/top_level.txt
[0.969s] writing manifest file '../../build/welder_description/welder_description.egg-info/SOURCES.txt'
[0.970s] reading manifest file '../../build/welder_description/welder_description.egg-info/SOURCES.txt'
[0.971s] writing manifest file '../../build/welder_description/welder_description.egg-info/SOURCES.txt'
[0.971s] running build
[0.971s] running build_py
[0.971s] creating /home/kriso/arm_tuto_WS/build/welder_description/build
[0.971s] creating /home/kriso/arm_tuto_WS/build/welder_description/build/lib
[0.971s] creating /home/kriso/arm_tuto_WS/build/welder_description/build/lib/welder_description
[0.971s] copying welder_description/__init__.py -> /home/kriso/arm_tuto_WS/build/welder_description/build/lib/welder_description
[0.971s] running install
[0.971s] running install_lib
[0.972s] creating /home/kriso/arm_tuto_WS/install/welder_description/lib/python3.10/site-packages/welder_description
[0.972s] copying /home/kriso/arm_tuto_WS/build/welder_description/build/lib/welder_description/__init__.py -> /home/kriso/arm_tuto_WS/install/welder_description/lib/python3.10/site-packages/welder_description
[0.972s] byte-compiling /home/kriso/arm_tuto_WS/install/welder_description/lib/python3.10/site-packages/welder_description/__init__.py to __init__.cpython-310.pyc
[0.972s] running install_data
[0.972s] creating /home/kriso/arm_tuto_WS/install/welder_description/share/ament_index
[0.972s] creating /home/kriso/arm_tuto_WS/install/welder_description/share/ament_index/resource_index
[0.972s] creating /home/kriso/arm_tuto_WS/install/welder_description/share/ament_index/resource_index/packages
[0.972s] copying resource/welder_description -> /home/kriso/arm_tuto_WS/install/welder_description/share/ament_index/resource_index/packages
[0.972s] copying package.xml -> /home/kriso/arm_tuto_WS/install/welder_description/share/welder_description
[0.972s] creating /home/kriso/arm_tuto_WS/install/welder_description/share/welder_description/launch
[0.972s] copying launch/gazebo.launch.py -> /home/kriso/arm_tuto_WS/install/welder_description/share/welder_description/launch
[0.972s] copying launch/display.launch.py -> /home/kriso/arm_tuto_WS/install/welder_description/share/welder_description/launch
[0.972s] creating /home/kriso/arm_tuto_WS/install/welder_description/share/welder_description/urdf
[0.973s] copying urdf/welder.xacro -> /home/kriso/arm_tuto_WS/install/welder_description/share/welder_description/urdf
[0.973s] copying urdf/welder.trans -> /home/kriso/arm_tuto_WS/install/welder_description/share/welder_description/urdf
[0.973s] copying urdf/welder.gazebo -> /home/kriso/arm_tuto_WS/install/welder_description/share/welder_description/urdf
[0.973s] copying urdf/welder.urdf -> /home/kriso/arm_tuto_WS/install/welder_description/share/welder_description/urdf
[0.973s] copying urdf/ros2_control.xacro -> /home/kriso/arm_tuto_WS/install/welder_description/share/welder_description/urdf
[0.973s] creating /home/kriso/arm_tuto_WS/install/welder_description/share/welder_description/meshes
[0.973s] copying meshes/link_1_1.stl -> /home/kriso/arm_tuto_WS/install/welder_description/share/welder_description/meshes
[0.973s] copying meshes/link_4_1.stl -> /home/kriso/arm_tuto_WS/install/welder_description/share/welder_description/meshes
[0.973s] copying meshes/base_link.stl -> /home/kriso/arm_tuto_WS/install/welder_description/share/welder_description/meshes
[0.973s] copying meshes/link_2_1.stl -> /home/kriso/arm_tuto_WS/install/welder_description/share/welder_description/meshes
[0.973s] copying meshes/link_6_1.stl -> /home/kriso/arm_tuto_WS/install/welder_description/share/welder_description/meshes
[0.973s] copying meshes/link_5_1.stl -> /home/kriso/arm_tuto_WS/install/welder_description/share/welder_description/meshes
[0.973s] copying meshes/link_3_1.stl -> /home/kriso/arm_tuto_WS/install/welder_description/share/welder_description/meshes
[0.973s] creating /home/kriso/arm_tuto_WS/install/welder_description/share/welder_description/config
[0.973s] copying config/display.rviz -> /home/kriso/arm_tuto_WS/install/welder_description/share/welder_description/config
[0.973s] copying config/my_controllers.yaml -> /home/kriso/arm_tuto_WS/install/welder_description/share/welder_description/config
[0.973s] running install_egg_info
[0.974s] Copying ../../build/welder_description/welder_description.egg-info to /home/kriso/arm_tuto_WS/install/welder_description/lib/python3.10/site-packages/welder_description-0.0.0-py3.10.egg-info
[0.975s] running install_scripts
[0.988s] writing list of installed files to '/home/kriso/arm_tuto_WS/build/welder_description/install.log'
[1.010s] Invoked command in '/home/kriso/arm_tuto_WS/src/welder_description' returned '0': PYTHONPATH=/home/kriso/arm_tuto_WS/build/welder_description/prefix_override:/usr/lib/python3/dist-packages/colcon_core/task/python/colcon_distutils_commands:/home/kriso/arm_tuto_WS/install/welder_description/lib/python3.10/site-packages:${PYTHONPATH} /usr/bin/python3 -W ignore:setup.py install is deprecated -W ignore:easy_install command is deprecated setup.py egg_info --egg-base ../../build/welder_description build --build-base /home/kriso/arm_tuto_WS/build/welder_description/build install --record /home/kriso/arm_tuto_WS/build/welder_description/install.log --single-version-externally-managed install_data
