[0.643s] Invoking command in '/home/kriso/arm_tuto_WS/build/welder_control': PYTHONPATH=/home/kriso/arm_tuto_WS/build/welder_control/prefix_override:/usr/lib/python3/dist-packages/colcon_core/task/python/colcon_distutils_commands:/home/kriso/arm_tuto_WS/install/welder_control/lib/python3.10/site-packages:${PYTHONPATH} /usr/bin/python3 -W ignore:setup.py install is deprecated -W ignore:easy_install command is deprecated setup.py develop --editable --build-directory /home/kriso/arm_tuto_WS/build/welder_control/build --no-deps symlink_data
[0.808s] running develop
[0.847s] /usr/lib/python3/dist-packages/pkg_resources/__init__.py:116: PkgResourcesDeprecationWarning: 1.12.1-git20200711.33e2d80-dfsg1-0.6 is an invalid version and will not be supported in a future release
[0.847s]   warnings.warn(
[0.923s] running egg_info
[0.923s] creating welder_control.egg-info
[0.923s] writing welder_control.egg-info/PKG-INFO
[0.923s] writing dependency_links to welder_control.egg-info/dependency_links.txt
[0.924s] writing entry points to welder_control.egg-info/entry_points.txt
[0.924s] writing requirements to welder_control.egg-info/requires.txt
[0.924s] writing top-level names to welder_control.egg-info/top_level.txt
[0.924s] writing manifest file 'welder_control.egg-info/SOURCES.txt'
[0.925s] reading manifest file 'welder_control.egg-info/SOURCES.txt'
[0.925s] writing manifest file 'welder_control.egg-info/SOURCES.txt'
[0.945s] running build_ext
[0.945s] Creating /home/kriso/arm_tuto_WS/install/welder_control/lib/python3.10/site-packages/welder-control.egg-link (link to .)
[0.946s] Installing welder_cont script to /home/kriso/arm_tuto_WS/install/welder_control/lib/welder_control
[0.946s] 
[0.946s] Installed /home/kriso/arm_tuto_WS/build/welder_control
[0.946s] running symlink_data
[0.946s] creating /home/kriso/arm_tuto_WS/install/welder_control/share/ament_index
[0.946s] creating /home/kriso/arm_tuto_WS/install/welder_control/share/ament_index/resource_index
[0.946s] creating /home/kriso/arm_tuto_WS/install/welder_control/share/ament_index/resource_index/packages
[0.946s] symbolically linking /home/kriso/arm_tuto_WS/build/welder_control/resource/welder_control -> /home/kriso/arm_tuto_WS/install/welder_control/share/ament_index/resource_index/packages
[0.946s] symbolically linking /home/kriso/arm_tuto_WS/build/welder_control/package.xml -> /home/kriso/arm_tuto_WS/install/welder_control/share/welder_control
[0.968s] Invoked command in '/home/kriso/arm_tuto_WS/build/welder_control' returned '0': PYTHONPATH=/home/kriso/arm_tuto_WS/build/welder_control/prefix_override:/usr/lib/python3/dist-packages/colcon_core/task/python/colcon_distutils_commands:/home/kriso/arm_tuto_WS/install/welder_control/lib/python3.10/site-packages:${PYTHONPATH} /usr/bin/python3 -W ignore:setup.py install is deprecated -W ignore:easy_install command is deprecated setup.py develop --editable --build-directory /home/kriso/arm_tuto_WS/build/welder_control/build --no-deps symlink_data
