[0.008s] Invoking command in '/home/kriso/arm_tuto_WS/build/welder_moveit_config': /usr/bin/cmake /home/kriso/arm_tuto_WS/src/welder_moveit_config -DCMAKE_INSTALL_PREFIX=/home/kriso/arm_tuto_WS/install/welder_moveit_config
[0.025s] -- Found ament_cmake: 1.3.11 (/opt/ros/humble/share/ament_cmake/cmake)
[0.107s] -- Override CMake install command with custom implementation using symlinks instead of copying resources
[0.152s] Error parsing '/home/kriso/arm_tuto_WS/src/welder_moveit_config/package.xml':
[0.183s] Traceback (most recent call last):
[0.183s]   File "/opt/ros/humble/share/ament_cmake_core/cmake/core/package_xml_2_cmake.py", line 150, in <module>
[0.183s]     main()
[0.183s]   File "/opt/ros/humble/share/ament_cmake_core/cmake/core/package_xml_2_cmake.py", line 53, in main
[0.183s]     raise e
[0.183s]   File "/opt/ros/humble/share/ament_cmake_core/cmake/core/package_xml_2_cmake.py", line 49, in main
[0.184s]     package = parse_package_string(
[0.184s]   File "/usr/lib/python3/dist-packages/catkin_pkg/package.py", line 788, in parse_package_string
[0.184s]     pkg.validate(warnings=warnings)
[0.184s]   File "/usr/lib/python3/dist-packages/catkin_pkg/package.py", line 330, in validate
[0.184s]     raise InvalidPackage('\n'.join(errors), self.filename)
[0.184s] catkin_pkg.package.InvalidPackage: Error(s) in package '/home/kriso/arm_tuto_WS/src/welder_moveit_config/package.xml':
[0.184s] Invalid email "" for person ""
[0.184s] Maintainers must have an email address
[0.184s] Invalid email "" for person ""
[0.192s] [31mCMake Error at /opt/ros/humble/share/ament_cmake_core/cmake/core/ament_package_xml.cmake:95 (message):
[0.192s]   execute_process(/usr/bin/python3
[0.192s]   /opt/ros/humble/share/ament_cmake_core/cmake/core/package_xml_2_cmake.py
[0.192s]   /home/kriso/arm_tuto_WS/src/welder_moveit_config/package.xml
[0.192s]   /home/kriso/arm_tuto_WS/build/welder_moveit_config/ament_cmake_core/package.cmake)
[0.192s]   returned error code 1
[0.192s] Call Stack (most recent call first):
[0.193s]   /opt/ros/humble/share/ament_cmake_core/cmake/core/ament_package_xml.cmake:49 (_ament_package_xml)
[0.193s]   /opt/ros/humble/share/ament_cmake_core/cmake/core/ament_package.cmake:63 (ament_package_xml)
[0.193s]   CMakeLists.txt:6 (ament_package)
[0.193s] 
[0.193s] [0m
[0.193s] -- Configuring incomplete, errors occurred!
[0.193s] See also "/home/kriso/arm_tuto_WS/build/welder_moveit_config/CMakeFiles/CMakeOutput.log".
[0.195s] Invoked command in '/home/kriso/arm_tuto_WS/build/welder_moveit_config' returned '1': /usr/bin/cmake /home/kriso/arm_tuto_WS/src/welder_moveit_config -DCMAKE_INSTALL_PREFIX=/home/kriso/arm_tuto_WS/install/welder_moveit_config
