[0.494s] Invoking command in '/home/kriso/arm_tuto_WS/src/welder_description': PYTHONPATH=/home/kriso/arm_tuto_WS/build/welder_description/prefix_override:/usr/lib/python3/dist-packages/colcon_core/task/python/colcon_distutils_commands:/home/kriso/arm_tuto_WS/install/welder_description/lib/python3.10/site-packages:${PYTHONPATH} /usr/bin/python3 -W ignore:setup.py install is deprecated -W ignore:easy_install command is deprecated setup.py egg_info --egg-base ../../build/welder_description build --build-base /home/kriso/arm_tuto_WS/build/welder_description/build install --record /home/kriso/arm_tuto_WS/build/welder_description/install.log --single-version-externally-managed install_data
[0.650s] running egg_info
[0.651s] writing ../../build/welder_description/welder_description.egg-info/PKG-INFO
[0.651s] writing dependency_links to ../../build/welder_description/welder_description.egg-info/dependency_links.txt
[0.651s] writing entry points to ../../build/welder_description/welder_description.egg-info/entry_points.txt
[0.651s] writing requirements to ../../build/welder_description/welder_description.egg-info/requires.txt
[0.651s] writing top-level names to ../../build/welder_description/welder_description.egg-info/top_level.txt
[0.652s] reading manifest file '../../build/welder_description/welder_description.egg-info/SOURCES.txt'
[0.653s] writing manifest file '../../build/welder_description/welder_description.egg-info/SOURCES.txt'
[0.653s] running build
[0.653s] running build_py
[0.653s] running install
[0.653s] running install_lib
[0.654s] running install_data
[0.654s] running install_egg_info
[0.655s] removing '/home/kriso/arm_tuto_WS/install/welder_description/lib/python3.10/site-packages/welder_description-0.0.0-py3.10.egg-info' (and everything under it)
[0.655s] Copying ../../build/welder_description/welder_description.egg-info to /home/kriso/arm_tuto_WS/install/welder_description/lib/python3.10/site-packages/welder_description-0.0.0-py3.10.egg-info
[0.655s] running install_scripts
[0.668s] writing list of installed files to '/home/kriso/arm_tuto_WS/build/welder_description/install.log'
[0.682s] Invoked command in '/home/kriso/arm_tuto_WS/src/welder_description' returned '0': PYTHONPATH=/home/kriso/arm_tuto_WS/build/welder_description/prefix_override:/usr/lib/python3/dist-packages/colcon_core/task/python/colcon_distutils_commands:/home/kriso/arm_tuto_WS/install/welder_description/lib/python3.10/site-packages:${PYTHONPATH} /usr/bin/python3 -W ignore:setup.py install is deprecated -W ignore:easy_install command is deprecated setup.py egg_info --egg-base ../../build/welder_description build --build-base /home/kriso/arm_tuto_WS/build/welder_description/build install --record /home/kriso/arm_tuto_WS/build/welder_description/install.log --single-version-externally-managed install_data
