[0.066s] DEBUG:colcon:Command line arguments: ['/usr/bin/colcon', 'build', '--packages-select', 'welder_moveit_config']
[0.066s] DEBUG:colcon:Parsed command line arguments: Namespace(log_base=None, log_level=None, verb_name='build', build_base='build', install_base='install', merge_install=False, symlink_install=False, test_result_base=None, continue_on_error=False, executor='parallel', parallel_workers=16, event_handlers=None, ignore_user_meta=False, metas=['./colcon.meta'], base_paths=['.'], packages_ignore=None, packages_ignore_regex=None, paths=None, packages_up_to=None, packages_up_to_regex=None, packages_above=None, packages_above_and_dependencies=None, packages_above_depth=None, packages_select_by_dep=None, packages_skip_by_dep=None, packages_skip_up_to=None, packages_select_build_failed=False, packages_skip_build_finished=False, packages_select_test_failures=False, packages_skip_test_passed=False, packages_select=['welder_moveit_config'], packages_skip=None, packages_select_regex=None, packages_skip_regex=None, packages_start=None, packages_end=None, allow_overriding=[], cmake_args=None, cmake_target=None, cmake_target_skip_unavailable=False, cmake_clean_cache=False, cmake_clean_first=False, cmake_force_configure=False, ament_cmake_args=None, catkin_cmake_args=None, catkin_skip_building_tests=False, verb_parser=<colcon_defaults.argument_parser.defaults.DefaultArgumentsDecorator object at 0x7b046bc52530>, verb_extension=<colcon_core.verb.build.BuildVerb object at 0x7b046bc520b0>, main=<bound method BuildVerb.main of <colcon_core.verb.build.BuildVerb object at 0x7b046bc520b0>>)
[0.182s] Level 1:colcon.colcon_core.package_discovery:discover_packages(colcon_meta) check parameters
[0.182s] Level 1:colcon.colcon_core.package_discovery:discover_packages(recursive) check parameters
[0.182s] Level 1:colcon.colcon_core.package_discovery:discover_packages(ignore) check parameters
[0.182s] Level 1:colcon.colcon_core.package_discovery:discover_packages(path) check parameters
[0.182s] Level 1:colcon.colcon_core.package_discovery:discover_packages(colcon_meta) discover
[0.182s] Level 1:colcon.colcon_core.package_discovery:discover_packages(recursive) discover
[0.182s] INFO:colcon.colcon_core.package_discovery:Crawling recursively for packages in '/home/kriso/arm_tuto_WS'
[0.183s] Level 1:colcon.colcon_core.package_identification:_identify(.) by extensions ['ignore', 'ignore_ament_install']
[0.183s] Level 1:colcon.colcon_core.package_identification:_identify(.) by extension 'ignore'
[0.183s] Level 1:colcon.colcon_core.package_identification:_identify(.) by extension 'ignore_ament_install'
[0.183s] Level 1:colcon.colcon_core.package_identification:_identify(.) by extensions ['colcon_pkg']
[0.183s] Level 1:colcon.colcon_core.package_identification:_identify(.) by extension 'colcon_pkg'
[0.183s] Level 1:colcon.colcon_core.package_identification:_identify(.) by extensions ['colcon_meta']
[0.183s] Level 1:colcon.colcon_core.package_identification:_identify(.) by extension 'colcon_meta'
[0.183s] Level 1:colcon.colcon_core.package_identification:_identify(.) by extensions ['ros']
[0.183s] Level 1:colcon.colcon_core.package_identification:_identify(.) by extension 'ros'
[0.189s] Level 1:colcon.colcon_core.package_identification:_identify(.) by extensions ['cmake', 'python']
[0.189s] Level 1:colcon.colcon_core.package_identification:_identify(.) by extension 'cmake'
[0.189s] Level 1:colcon.colcon_core.package_identification:_identify(.) by extension 'python'
[0.189s] Level 1:colcon.colcon_core.package_identification:_identify(.) by extensions ['python_setup_py']
[0.189s] Level 1:colcon.colcon_core.package_identification:_identify(.) by extension 'python_setup_py'
[0.189s] Level 1:colcon.colcon_core.package_identification:_identify(build) by extensions ['ignore', 'ignore_ament_install']
[0.190s] Level 1:colcon.colcon_core.package_identification:_identify(build) by extension 'ignore'
[0.190s] Level 1:colcon.colcon_core.package_identification:_identify(build) ignored
[0.190s] Level 1:colcon.colcon_core.package_identification:_identify(install) by extensions ['ignore', 'ignore_ament_install']
[0.190s] Level 1:colcon.colcon_core.package_identification:_identify(install) by extension 'ignore'
[0.190s] Level 1:colcon.colcon_core.package_identification:_identify(install) ignored
[0.190s] Level 1:colcon.colcon_core.package_identification:_identify(log) by extensions ['ignore', 'ignore_ament_install']
[0.190s] Level 1:colcon.colcon_core.package_identification:_identify(log) by extension 'ignore'
[0.190s] Level 1:colcon.colcon_core.package_identification:_identify(log) ignored
[0.190s] Level 1:colcon.colcon_core.package_identification:_identify(src) by extensions ['ignore', 'ignore_ament_install']
[0.190s] Level 1:colcon.colcon_core.package_identification:_identify(src) by extension 'ignore'
[0.190s] Level 1:colcon.colcon_core.package_identification:_identify(src) by extension 'ignore_ament_install'
[0.190s] Level 1:colcon.colcon_core.package_identification:_identify(src) by extensions ['colcon_pkg']
[0.190s] Level 1:colcon.colcon_core.package_identification:_identify(src) by extension 'colcon_pkg'
[0.190s] Level 1:colcon.colcon_core.package_identification:_identify(src) by extensions ['colcon_meta']
[0.190s] Level 1:colcon.colcon_core.package_identification:_identify(src) by extension 'colcon_meta'
[0.190s] Level 1:colcon.colcon_core.package_identification:_identify(src) by extensions ['ros']
[0.190s] Level 1:colcon.colcon_core.package_identification:_identify(src) by extension 'ros'
[0.190s] Level 1:colcon.colcon_core.package_identification:_identify(src) by extensions ['cmake', 'python']
[0.190s] Level 1:colcon.colcon_core.package_identification:_identify(src) by extension 'cmake'
[0.190s] Level 1:colcon.colcon_core.package_identification:_identify(src) by extension 'python'
[0.190s] Level 1:colcon.colcon_core.package_identification:_identify(src) by extensions ['python_setup_py']
[0.190s] Level 1:colcon.colcon_core.package_identification:_identify(src) by extension 'python_setup_py'
[0.190s] Level 1:colcon.colcon_core.package_identification:_identify(src/welder_control) by extensions ['ignore', 'ignore_ament_install']
[0.190s] Level 1:colcon.colcon_core.package_identification:_identify(src/welder_control) by extension 'ignore'
[0.190s] Level 1:colcon.colcon_core.package_identification:_identify(src/welder_control) by extension 'ignore_ament_install'
[0.191s] Level 1:colcon.colcon_core.package_identification:_identify(src/welder_control) by extensions ['colcon_pkg']
[0.191s] Level 1:colcon.colcon_core.package_identification:_identify(src/welder_control) by extension 'colcon_pkg'
[0.191s] Level 1:colcon.colcon_core.package_identification:_identify(src/welder_control) by extensions ['colcon_meta']
[0.191s] Level 1:colcon.colcon_core.package_identification:_identify(src/welder_control) by extension 'colcon_meta'
[0.191s] Level 1:colcon.colcon_core.package_identification:_identify(src/welder_control) by extensions ['ros']
[0.191s] Level 1:colcon.colcon_core.package_identification:_identify(src/welder_control) by extension 'ros'
[0.192s] DEBUG:colcon.colcon_core.package_identification:Package 'src/welder_control' with type 'ros.ament_python' and name 'welder_control'
[0.193s] Level 1:colcon.colcon_core.package_identification:_identify(src/welder_description) by extensions ['ignore', 'ignore_ament_install']
[0.193s] Level 1:colcon.colcon_core.package_identification:_identify(src/welder_description) by extension 'ignore'
[0.193s] Level 1:colcon.colcon_core.package_identification:_identify(src/welder_description) by extension 'ignore_ament_install'
[0.193s] Level 1:colcon.colcon_core.package_identification:_identify(src/welder_description) by extensions ['colcon_pkg']
[0.193s] Level 1:colcon.colcon_core.package_identification:_identify(src/welder_description) by extension 'colcon_pkg'
[0.193s] Level 1:colcon.colcon_core.package_identification:_identify(src/welder_description) by extensions ['colcon_meta']
[0.193s] Level 1:colcon.colcon_core.package_identification:_identify(src/welder_description) by extension 'colcon_meta'
[0.193s] Level 1:colcon.colcon_core.package_identification:_identify(src/welder_description) by extensions ['ros']
[0.193s] Level 1:colcon.colcon_core.package_identification:_identify(src/welder_description) by extension 'ros'
[0.193s] DEBUG:colcon.colcon_core.package_identification:Package 'src/welder_description' with type 'ros.ament_python' and name 'welder_description'
[0.193s] Level 1:colcon.colcon_core.package_identification:_identify(src/welder_moveit_config) by extensions ['ignore', 'ignore_ament_install']
[0.193s] Level 1:colcon.colcon_core.package_identification:_identify(src/welder_moveit_config) by extension 'ignore'
[0.193s] Level 1:colcon.colcon_core.package_identification:_identify(src/welder_moveit_config) by extension 'ignore_ament_install'
[0.193s] Level 1:colcon.colcon_core.package_identification:_identify(src/welder_moveit_config) by extensions ['colcon_pkg']
[0.193s] Level 1:colcon.colcon_core.package_identification:_identify(src/welder_moveit_config) by extension 'colcon_pkg'
[0.194s] Level 1:colcon.colcon_core.package_identification:_identify(src/welder_moveit_config) by extensions ['colcon_meta']
[0.194s] Level 1:colcon.colcon_core.package_identification:_identify(src/welder_moveit_config) by extension 'colcon_meta'
[0.194s] Level 1:colcon.colcon_core.package_identification:_identify(src/welder_moveit_config) by extensions ['ros']
[0.194s] Level 1:colcon.colcon_core.package_identification:_identify(src/welder_moveit_config) by extension 'ros'
[0.194s] DEBUG:colcon.colcon_core.package_identification:Package 'src/welder_moveit_config' with type 'ros.ament_cmake' and name 'welder_moveit_config'
[0.194s] Level 1:colcon.colcon_core.package_discovery:discover_packages(recursive) using defaults
[0.194s] Level 1:colcon.colcon_core.package_discovery:discover_packages(ignore) discover
[0.194s] Level 1:colcon.colcon_core.package_discovery:discover_packages(ignore) using defaults
[0.194s] Level 1:colcon.colcon_core.package_discovery:discover_packages(path) discover
[0.194s] Level 1:colcon.colcon_core.package_discovery:discover_packages(path) using defaults
[0.212s] INFO:colcon.colcon_core.package_selection:Skipping not selected package 'welder_control' in 'src/welder_control'
[0.212s] INFO:colcon.colcon_core.package_selection:Skipping not selected package 'welder_description' in 'src/welder_description'
[0.213s] Level 1:colcon.colcon_core.package_discovery:discover_packages(prefix_path) check parameters
[0.213s] Level 1:colcon.colcon_core.package_discovery:discover_packages(prefix_path) discover
[0.214s] DEBUG:colcon.colcon_installed_package_information.package_discovery:Found 3 installed packages in /home/kriso/arm_tuto_WS/install
[0.214s] DEBUG:colcon.colcon_installed_package_information.package_discovery:Found 363 installed packages in /opt/ros/humble
[0.216s] Level 1:colcon.colcon_core.package_discovery:discover_packages(prefix_path) using defaults
[0.243s] Level 5:colcon.colcon_core.verb:set package 'welder_moveit_config' build argument 'cmake_args' from command line to 'None'
[0.243s] Level 5:colcon.colcon_core.verb:set package 'welder_moveit_config' build argument 'cmake_target' from command line to 'None'
[0.243s] Level 5:colcon.colcon_core.verb:set package 'welder_moveit_config' build argument 'cmake_target_skip_unavailable' from command line to 'False'
[0.243s] Level 5:colcon.colcon_core.verb:set package 'welder_moveit_config' build argument 'cmake_clean_cache' from command line to 'False'
[0.243s] Level 5:colcon.colcon_core.verb:set package 'welder_moveit_config' build argument 'cmake_clean_first' from command line to 'False'
[0.243s] Level 5:colcon.colcon_core.verb:set package 'welder_moveit_config' build argument 'cmake_force_configure' from command line to 'False'
[0.243s] Level 5:colcon.colcon_core.verb:set package 'welder_moveit_config' build argument 'ament_cmake_args' from command line to 'None'
[0.243s] Level 5:colcon.colcon_core.verb:set package 'welder_moveit_config' build argument 'catkin_cmake_args' from command line to 'None'
[0.243s] Level 5:colcon.colcon_core.verb:set package 'welder_moveit_config' build argument 'catkin_skip_building_tests' from command line to 'False'
[0.243s] DEBUG:colcon.colcon_core.verb:Building package 'welder_moveit_config' with the following arguments: {'ament_cmake_args': None, 'build_base': '/home/kriso/arm_tuto_WS/build/welder_moveit_config', 'catkin_cmake_args': None, 'catkin_skip_building_tests': False, 'cmake_args': None, 'cmake_clean_cache': False, 'cmake_clean_first': False, 'cmake_force_configure': False, 'cmake_target': None, 'cmake_target_skip_unavailable': False, 'install_base': '/home/kriso/arm_tuto_WS/install/welder_moveit_config', 'merge_install': False, 'path': '/home/kriso/arm_tuto_WS/src/welder_moveit_config', 'symlink_install': False, 'test_result_base': None}
[0.243s] INFO:colcon.colcon_core.executor:Executing jobs using 'parallel' executor
[0.244s] DEBUG:colcon.colcon_parallel_executor.executor.parallel:run_until_complete
[0.244s] INFO:colcon.colcon_ros.task.ament_cmake.build:Building ROS package in '/home/kriso/arm_tuto_WS/src/welder_moveit_config' with build type 'ament_cmake'
[0.244s] INFO:colcon.colcon_cmake.task.cmake.build:Building CMake package in '/home/kriso/arm_tuto_WS/src/welder_moveit_config'
[0.245s] INFO:colcon.colcon_core.plugin_system:Skipping extension 'colcon_core.shell.bat': Not used on non-Windows systems
[0.245s] INFO:colcon.colcon_core.shell:Skip shell extension 'powershell' for command environment: Not usable outside of PowerShell
[0.245s] DEBUG:colcon.colcon_core.shell:Skip shell extension 'dsv' for command environment
[0.258s] DEBUG:colcon.colcon_core.event_handler.log_command:Invoking command in '/home/kriso/arm_tuto_WS/build/welder_moveit_config': AMENT_PREFIX_PATH=/home/kriso/arm_tuto_WS/install/welder_description:/home/kriso/arm_tuto_WS/install/welder_moveit_config:/home/kriso/arm_tuto_WS/install/welder_control:/opt/ros/humble CMAKE_PREFIX_PATH=${CMAKE_PREFIX_PATH}:/home/kriso/arm_tuto_WS/install/welder_description:/home/kriso/arm_tuto_WS/install/welder_control:/opt/ros/humble /usr/bin/cmake /home/kriso/arm_tuto_WS/src/welder_moveit_config -DCMAKE_INSTALL_PREFIX=/home/kriso/arm_tuto_WS/install/welder_moveit_config
[0.393s] DEBUG:colcon.colcon_core.event_handler.log_command:Invoked command in '/home/kriso/arm_tuto_WS/build/welder_moveit_config' returned '0': AMENT_PREFIX_PATH=/home/kriso/arm_tuto_WS/install/welder_description:/home/kriso/arm_tuto_WS/install/welder_moveit_config:/home/kriso/arm_tuto_WS/install/welder_control:/opt/ros/humble CMAKE_PREFIX_PATH=${CMAKE_PREFIX_PATH}:/home/kriso/arm_tuto_WS/install/welder_description:/home/kriso/arm_tuto_WS/install/welder_control:/opt/ros/humble /usr/bin/cmake /home/kriso/arm_tuto_WS/src/welder_moveit_config -DCMAKE_INSTALL_PREFIX=/home/kriso/arm_tuto_WS/install/welder_moveit_config
[0.394s] DEBUG:colcon.colcon_core.event_handler.log_command:Invoking command in '/home/kriso/arm_tuto_WS/build/welder_moveit_config': AMENT_PREFIX_PATH=/home/kriso/arm_tuto_WS/install/welder_description:/home/kriso/arm_tuto_WS/install/welder_moveit_config:/home/kriso/arm_tuto_WS/install/welder_control:/opt/ros/humble CMAKE_PREFIX_PATH=${CMAKE_PREFIX_PATH}:/home/kriso/arm_tuto_WS/install/welder_description:/home/kriso/arm_tuto_WS/install/welder_control:/opt/ros/humble /usr/bin/cmake --build /home/kriso/arm_tuto_WS/build/welder_moveit_config -- -j16 -l16
[0.416s] DEBUG:colcon.colcon_core.event_handler.log_command:Invoked command in '/home/kriso/arm_tuto_WS/build/welder_moveit_config' returned '0': AMENT_PREFIX_PATH=/home/kriso/arm_tuto_WS/install/welder_description:/home/kriso/arm_tuto_WS/install/welder_moveit_config:/home/kriso/arm_tuto_WS/install/welder_control:/opt/ros/humble CMAKE_PREFIX_PATH=${CMAKE_PREFIX_PATH}:/home/kriso/arm_tuto_WS/install/welder_description:/home/kriso/arm_tuto_WS/install/welder_control:/opt/ros/humble /usr/bin/cmake --build /home/kriso/arm_tuto_WS/build/welder_moveit_config -- -j16 -l16
[0.421s] DEBUG:colcon.colcon_core.event_handler.log_command:Invoking command in '/home/kriso/arm_tuto_WS/build/welder_moveit_config': AMENT_PREFIX_PATH=/home/kriso/arm_tuto_WS/install/welder_description:/home/kriso/arm_tuto_WS/install/welder_moveit_config:/home/kriso/arm_tuto_WS/install/welder_control:/opt/ros/humble CMAKE_PREFIX_PATH=${CMAKE_PREFIX_PATH}:/home/kriso/arm_tuto_WS/install/welder_description:/home/kriso/arm_tuto_WS/install/welder_control:/opt/ros/humble /usr/bin/cmake --install /home/kriso/arm_tuto_WS/build/welder_moveit_config
[0.434s] Level 1:colcon.colcon_core.environment:create_environment_scripts_only(welder_moveit_config)
[0.434s] DEBUG:colcon.colcon_core.event_handler.log_command:Invoked command in '/home/kriso/arm_tuto_WS/build/welder_moveit_config' returned '0': AMENT_PREFIX_PATH=/home/kriso/arm_tuto_WS/install/welder_description:/home/kriso/arm_tuto_WS/install/welder_moveit_config:/home/kriso/arm_tuto_WS/install/welder_control:/opt/ros/humble CMAKE_PREFIX_PATH=${CMAKE_PREFIX_PATH}:/home/kriso/arm_tuto_WS/install/welder_description:/home/kriso/arm_tuto_WS/install/welder_control:/opt/ros/humble /usr/bin/cmake --install /home/kriso/arm_tuto_WS/build/welder_moveit_config
[0.437s] Level 1:colcon.colcon_core.environment:checking '/home/kriso/arm_tuto_WS/install/welder_moveit_config' for CMake module files
[0.437s] Level 1:colcon.colcon_core.environment:checking '/home/kriso/arm_tuto_WS/install/welder_moveit_config' for CMake config files
[0.438s] Level 1:colcon.colcon_core.shell:create_environment_hook('welder_moveit_config', 'cmake_prefix_path')
[0.438s] INFO:colcon.colcon_core.shell:Creating environment hook '/home/kriso/arm_tuto_WS/install/welder_moveit_config/share/welder_moveit_config/hook/cmake_prefix_path.ps1'
[0.438s] INFO:colcon.colcon_core.shell:Creating environment descriptor '/home/kriso/arm_tuto_WS/install/welder_moveit_config/share/welder_moveit_config/hook/cmake_prefix_path.dsv'
[0.439s] INFO:colcon.colcon_core.shell:Creating environment hook '/home/kriso/arm_tuto_WS/install/welder_moveit_config/share/welder_moveit_config/hook/cmake_prefix_path.sh'
[0.439s] Level 1:colcon.colcon_core.environment:checking '/home/kriso/arm_tuto_WS/install/welder_moveit_config/bin'
[0.439s] Level 1:colcon.colcon_core.environment:checking '/home/kriso/arm_tuto_WS/install/welder_moveit_config/lib/pkgconfig/welder_moveit_config.pc'
[0.439s] Level 1:colcon.colcon_core.environment:checking '/home/kriso/arm_tuto_WS/install/welder_moveit_config/lib/python3.10/site-packages'
[0.439s] Level 1:colcon.colcon_core.environment:checking '/home/kriso/arm_tuto_WS/install/welder_moveit_config/bin'
[0.440s] INFO:colcon.colcon_core.shell:Creating package script '/home/kriso/arm_tuto_WS/install/welder_moveit_config/share/welder_moveit_config/package.ps1'
[0.440s] INFO:colcon.colcon_core.shell:Creating package descriptor '/home/kriso/arm_tuto_WS/install/welder_moveit_config/share/welder_moveit_config/package.dsv'
[0.440s] INFO:colcon.colcon_core.shell:Creating package script '/home/kriso/arm_tuto_WS/install/welder_moveit_config/share/welder_moveit_config/package.sh'
[0.441s] INFO:colcon.colcon_core.shell:Creating package script '/home/kriso/arm_tuto_WS/install/welder_moveit_config/share/welder_moveit_config/package.bash'
[0.442s] INFO:colcon.colcon_core.shell:Creating package script '/home/kriso/arm_tuto_WS/install/welder_moveit_config/share/welder_moveit_config/package.zsh'
[0.442s] Level 1:colcon.colcon_core.environment:create_file_with_runtime_dependencies(/home/kriso/arm_tuto_WS/install/welder_moveit_config/share/colcon-core/packages/welder_moveit_config)
[0.442s] Level 1:colcon.colcon_core.environment:create_environment_scripts_only(welder_moveit_config)
[0.443s] Level 1:colcon.colcon_core.environment:checking '/home/kriso/arm_tuto_WS/install/welder_moveit_config' for CMake module files
[0.443s] Level 1:colcon.colcon_core.environment:checking '/home/kriso/arm_tuto_WS/install/welder_moveit_config' for CMake config files
[0.443s] Level 1:colcon.colcon_core.shell:create_environment_hook('welder_moveit_config', 'cmake_prefix_path')
[0.443s] INFO:colcon.colcon_core.shell:Creating environment hook '/home/kriso/arm_tuto_WS/install/welder_moveit_config/share/welder_moveit_config/hook/cmake_prefix_path.ps1'
[0.443s] INFO:colcon.colcon_core.shell:Creating environment descriptor '/home/kriso/arm_tuto_WS/install/welder_moveit_config/share/welder_moveit_config/hook/cmake_prefix_path.dsv'
[0.443s] INFO:colcon.colcon_core.shell:Creating environment hook '/home/kriso/arm_tuto_WS/install/welder_moveit_config/share/welder_moveit_config/hook/cmake_prefix_path.sh'
[0.444s] Level 1:colcon.colcon_core.environment:checking '/home/kriso/arm_tuto_WS/install/welder_moveit_config/bin'
[0.444s] Level 1:colcon.colcon_core.environment:checking '/home/kriso/arm_tuto_WS/install/welder_moveit_config/lib/pkgconfig/welder_moveit_config.pc'
[0.444s] Level 1:colcon.colcon_core.environment:checking '/home/kriso/arm_tuto_WS/install/welder_moveit_config/lib/python3.10/site-packages'
[0.444s] Level 1:colcon.colcon_core.environment:checking '/home/kriso/arm_tuto_WS/install/welder_moveit_config/bin'
[0.444s] INFO:colcon.colcon_core.shell:Creating package script '/home/kriso/arm_tuto_WS/install/welder_moveit_config/share/welder_moveit_config/package.ps1'
[0.445s] INFO:colcon.colcon_core.shell:Creating package descriptor '/home/kriso/arm_tuto_WS/install/welder_moveit_config/share/welder_moveit_config/package.dsv'
[0.445s] INFO:colcon.colcon_core.shell:Creating package script '/home/kriso/arm_tuto_WS/install/welder_moveit_config/share/welder_moveit_config/package.sh'
[0.445s] INFO:colcon.colcon_core.shell:Creating package script '/home/kriso/arm_tuto_WS/install/welder_moveit_config/share/welder_moveit_config/package.bash'
[0.445s] INFO:colcon.colcon_core.shell:Creating package script '/home/kriso/arm_tuto_WS/install/welder_moveit_config/share/welder_moveit_config/package.zsh'
[0.446s] Level 1:colcon.colcon_core.environment:create_file_with_runtime_dependencies(/home/kriso/arm_tuto_WS/install/welder_moveit_config/share/colcon-core/packages/welder_moveit_config)
[0.446s] DEBUG:colcon.colcon_parallel_executor.executor.parallel:closing loop
[0.446s] DEBUG:colcon.colcon_parallel_executor.executor.parallel:loop closed
[0.446s] DEBUG:colcon.colcon_parallel_executor.executor.parallel:run_until_complete finished with '0'
[0.446s] DEBUG:colcon.colcon_core.event_reactor:joining thread
[0.450s] INFO:colcon.colcon_core.plugin_system:Skipping extension 'colcon_notification.desktop_notification.terminal_notifier': Not used on non-Darwin systems
[0.450s] INFO:colcon.colcon_core.plugin_system:Skipping extension 'colcon_notification.desktop_notification.win32': Not used on non-Windows systems
[0.450s] INFO:colcon.colcon_notification.desktop_notification:Sending desktop notification using 'notify2'
[0.468s] DEBUG:colcon.colcon_core.event_reactor:joined thread
[0.469s] INFO:colcon.colcon_core.shell:Creating prefix script '/home/kriso/arm_tuto_WS/install/local_setup.ps1'
[0.469s] INFO:colcon.colcon_core.shell:Creating prefix util module '/home/kriso/arm_tuto_WS/install/_local_setup_util_ps1.py'
[0.470s] INFO:colcon.colcon_core.shell:Creating prefix chain script '/home/kriso/arm_tuto_WS/install/setup.ps1'
[0.471s] INFO:colcon.colcon_core.shell:Creating prefix script '/home/kriso/arm_tuto_WS/install/local_setup.sh'
[0.471s] INFO:colcon.colcon_core.shell:Creating prefix util module '/home/kriso/arm_tuto_WS/install/_local_setup_util_sh.py'
[0.471s] INFO:colcon.colcon_core.shell:Creating prefix chain script '/home/kriso/arm_tuto_WS/install/setup.sh'
[0.472s] INFO:colcon.colcon_core.shell:Creating prefix script '/home/kriso/arm_tuto_WS/install/local_setup.bash'
[0.472s] INFO:colcon.colcon_core.shell:Creating prefix chain script '/home/kriso/arm_tuto_WS/install/setup.bash'
[0.473s] INFO:colcon.colcon_core.shell:Creating prefix script '/home/kriso/arm_tuto_WS/install/local_setup.zsh'
[0.473s] INFO:colcon.colcon_core.shell:Creating prefix chain script '/home/kriso/arm_tuto_WS/install/setup.zsh'
