[0.649s] Invoking command in '/home/kriso/arm_tuto_WS/build/welder_description': PYTHONPATH=/home/kriso/arm_tuto_WS/build/welder_description/prefix_override:/usr/lib/python3/dist-packages/colcon_core/task/python/colcon_distutils_commands:/home/kriso/arm_tuto_WS/install/welder_description/lib/python3.10/site-packages:${PYTHONPATH} /usr/bin/python3 -W ignore:setup.py install is deprecated -W ignore:easy_install command is deprecated setup.py develop --editable --build-directory /home/kriso/arm_tuto_WS/build/welder_description/build --no-deps symlink_data
[0.812s] running develop
[0.852s] /usr/lib/python3/dist-packages/pkg_resources/__init__.py:116: PkgResourcesDeprecationWarning: 1.12.1-git20200711.33e2d80-dfsg1-0.6 is an invalid version and will not be supported in a future release
[0.852s]   warnings.warn(
[0.927s] running egg_info
[0.927s] creating welder_description.egg-info
[0.927s] writing welder_description.egg-info/PKG-INFO
[0.927s] writing dependency_links to welder_description.egg-info/dependency_links.txt
[0.927s] writing entry points to welder_description.egg-info/entry_points.txt
[0.927s] writing requirements to welder_description.egg-info/requires.txt
[0.927s] writing top-level names to welder_description.egg-info/top_level.txt
[0.928s] writing manifest file 'welder_description.egg-info/SOURCES.txt'
[0.928s] reading manifest file 'welder_description.egg-info/SOURCES.txt'
[0.929s] writing manifest file 'welder_description.egg-info/SOURCES.txt'
[0.955s] running build_ext
[0.955s] Creating /home/kriso/arm_tuto_WS/install/welder_description/lib/python3.10/site-packages/welder-description.egg-link (link to .)
[0.955s] 
[0.955s] Installed /home/kriso/arm_tuto_WS/build/welder_description
[0.955s] running symlink_data
[0.955s] creating /home/kriso/arm_tuto_WS/install/welder_description/share/ament_index
[0.955s] creating /home/kriso/arm_tuto_WS/install/welder_description/share/ament_index/resource_index
[0.956s] creating /home/kriso/arm_tuto_WS/install/welder_description/share/ament_index/resource_index/packages
[0.956s] symbolically linking /home/kriso/arm_tuto_WS/build/welder_description/resource/welder_description -> /home/kriso/arm_tuto_WS/install/welder_description/share/ament_index/resource_index/packages
[0.956s] symbolically linking /home/kriso/arm_tuto_WS/build/welder_description/package.xml -> /home/kriso/arm_tuto_WS/install/welder_description/share/welder_description
[0.956s] creating /home/kriso/arm_tuto_WS/install/welder_description/share/welder_description/launch
[0.956s] symbolically linking /home/kriso/arm_tuto_WS/build/welder_description/launch/gazebo.launch.py -> /home/kriso/arm_tuto_WS/install/welder_description/share/welder_description/launch
[0.956s] symbolically linking /home/kriso/arm_tuto_WS/build/welder_description/launch/display.launch.py -> /home/kriso/arm_tuto_WS/install/welder_description/share/welder_description/launch
[0.956s] creating /home/kriso/arm_tuto_WS/install/welder_description/share/welder_description/urdf
[0.956s] symbolically linking /home/kriso/arm_tuto_WS/build/welder_description/urdf/welder.xacro -> /home/kriso/arm_tuto_WS/install/welder_description/share/welder_description/urdf
[0.956s] symbolically linking /home/kriso/arm_tuto_WS/build/welder_description/urdf/welder.trans -> /home/kriso/arm_tuto_WS/install/welder_description/share/welder_description/urdf
[0.956s] symbolically linking /home/kriso/arm_tuto_WS/build/welder_description/urdf/welder.gazebo -> /home/kriso/arm_tuto_WS/install/welder_description/share/welder_description/urdf
[0.956s] symbolically linking /home/kriso/arm_tuto_WS/build/welder_description/urdf/welder.urdf -> /home/kriso/arm_tuto_WS/install/welder_description/share/welder_description/urdf
[0.956s] symbolically linking /home/kriso/arm_tuto_WS/build/welder_description/urdf/ros2_control.xacro -> /home/kriso/arm_tuto_WS/install/welder_description/share/welder_description/urdf
[0.956s] creating /home/kriso/arm_tuto_WS/install/welder_description/share/welder_description/meshes
[0.956s] symbolically linking /home/kriso/arm_tuto_WS/build/welder_description/meshes/link_1_1.stl -> /home/kriso/arm_tuto_WS/install/welder_description/share/welder_description/meshes
[0.956s] symbolically linking /home/kriso/arm_tuto_WS/build/welder_description/meshes/link_4_1.stl -> /home/kriso/arm_tuto_WS/install/welder_description/share/welder_description/meshes
[0.956s] symbolically linking /home/kriso/arm_tuto_WS/build/welder_description/meshes/base_link.stl -> /home/kriso/arm_tuto_WS/install/welder_description/share/welder_description/meshes
[0.957s] symbolically linking /home/kriso/arm_tuto_WS/build/welder_description/meshes/link_2_1.stl -> /home/kriso/arm_tuto_WS/install/welder_description/share/welder_description/meshes
[0.957s] symbolically linking /home/kriso/arm_tuto_WS/build/welder_description/meshes/link_6_1.stl -> /home/kriso/arm_tuto_WS/install/welder_description/share/welder_description/meshes
[0.957s] symbolically linking /home/kriso/arm_tuto_WS/build/welder_description/meshes/link_5_1.stl -> /home/kriso/arm_tuto_WS/install/welder_description/share/welder_description/meshes
[0.957s] symbolically linking /home/kriso/arm_tuto_WS/build/welder_description/meshes/link_3_1.stl -> /home/kriso/arm_tuto_WS/install/welder_description/share/welder_description/meshes
[0.957s] creating /home/kriso/arm_tuto_WS/install/welder_description/share/welder_description/config
[0.957s] symbolically linking /home/kriso/arm_tuto_WS/build/welder_description/config/display.rviz -> /home/kriso/arm_tuto_WS/install/welder_description/share/welder_description/config
[0.957s] symbolically linking /home/kriso/arm_tuto_WS/build/welder_description/config/my_controllers.yaml -> /home/kriso/arm_tuto_WS/install/welder_description/share/welder_description/config
[0.979s] Invoked command in '/home/kriso/arm_tuto_WS/build/welder_description' returned '0': PYTHONPATH=/home/kriso/arm_tuto_WS/build/welder_description/prefix_override:/usr/lib/python3/dist-packages/colcon_core/task/python/colcon_distutils_commands:/home/kriso/arm_tuto_WS/install/welder_description/lib/python3.10/site-packages:${PYTHONPATH} /usr/bin/python3 -W ignore:setup.py install is deprecated -W ignore:easy_install command is deprecated setup.py develop --editable --build-directory /home/kriso/arm_tuto_WS/build/welder_description/build --no-deps symlink_data
