[0.063s] DEBUG:colcon:Command line arguments: ['/usr/bin/colcon', 'build', '--symlink-install']
[0.063s] DEBUG:colcon:Parsed command line arguments: Namespace(log_base=None, log_level=None, verb_name='build', build_base='build', install_base='install', merge_install=False, symlink_install=True, test_result_base=None, continue_on_error=False, executor='parallel', parallel_workers=16, event_handlers=None, ignore_user_meta=False, metas=['./colcon.meta'], base_paths=['.'], packages_ignore=None, packages_ignore_regex=None, paths=None, packages_up_to=None, packages_up_to_regex=None, packages_above=None, packages_above_and_dependencies=None, packages_above_depth=None, packages_select_by_dep=None, packages_skip_by_dep=None, packages_skip_up_to=None, packages_select_build_failed=False, packages_skip_build_finished=False, packages_select_test_failures=False, packages_skip_test_passed=False, packages_select=None, packages_skip=None, packages_select_regex=None, packages_skip_regex=None, packages_start=None, packages_end=None, allow_overriding=[], cmake_args=None, cmake_target=None, cmake_target_skip_unavailable=False, cmake_clean_cache=False, cmake_clean_first=False, cmake_force_configure=False, ament_cmake_args=None, catkin_cmake_args=None, catkin_skip_building_tests=False, verb_parser=<colcon_defaults.argument_parser.defaults.DefaultArgumentsDecorator object at 0x72d410f4d2d0>, verb_extension=<colcon_core.verb.build.BuildVerb object at 0x72d410f4ce50>, main=<bound method BuildVerb.main of <colcon_core.verb.build.BuildVerb object at 0x72d410f4ce50>>)
[0.185s] Level 1:colcon.colcon_core.package_discovery:discover_packages(colcon_meta) check parameters
[0.185s] Level 1:colcon.colcon_core.package_discovery:discover_packages(recursive) check parameters
[0.185s] Level 1:colcon.colcon_core.package_discovery:discover_packages(ignore) check parameters
[0.185s] Level 1:colcon.colcon_core.package_discovery:discover_packages(path) check parameters
[0.185s] Level 1:colcon.colcon_core.package_discovery:discover_packages(colcon_meta) discover
[0.185s] Level 1:colcon.colcon_core.package_discovery:discover_packages(recursive) discover
[0.185s] INFO:colcon.colcon_core.package_discovery:Crawling recursively for packages in '/home/kriso/arm_tuto_WS'
[0.185s] Level 1:colcon.colcon_core.package_identification:_identify(.) by extensions ['ignore', 'ignore_ament_install']
[0.185s] Level 1:colcon.colcon_core.package_identification:_identify(.) by extension 'ignore'
[0.185s] Level 1:colcon.colcon_core.package_identification:_identify(.) by extension 'ignore_ament_install'
[0.185s] Level 1:colcon.colcon_core.package_identification:_identify(.) by extensions ['colcon_pkg']
[0.185s] Level 1:colcon.colcon_core.package_identification:_identify(.) by extension 'colcon_pkg'
[0.185s] Level 1:colcon.colcon_core.package_identification:_identify(.) by extensions ['colcon_meta']
[0.185s] Level 1:colcon.colcon_core.package_identification:_identify(.) by extension 'colcon_meta'
[0.185s] Level 1:colcon.colcon_core.package_identification:_identify(.) by extensions ['ros']
[0.185s] Level 1:colcon.colcon_core.package_identification:_identify(.) by extension 'ros'
[0.192s] Level 1:colcon.colcon_core.package_identification:_identify(.) by extensions ['cmake', 'python']
[0.192s] Level 1:colcon.colcon_core.package_identification:_identify(.) by extension 'cmake'
[0.192s] Level 1:colcon.colcon_core.package_identification:_identify(.) by extension 'python'
[0.192s] Level 1:colcon.colcon_core.package_identification:_identify(.) by extensions ['python_setup_py']
[0.192s] Level 1:colcon.colcon_core.package_identification:_identify(.) by extension 'python_setup_py'
[0.192s] Level 1:colcon.colcon_core.package_identification:_identify(build) by extensions ['ignore', 'ignore_ament_install']
[0.192s] Level 1:colcon.colcon_core.package_identification:_identify(build) by extension 'ignore'
[0.192s] Level 1:colcon.colcon_core.package_identification:_identify(build) ignored
[0.192s] Level 1:colcon.colcon_core.package_identification:_identify(install) by extensions ['ignore', 'ignore_ament_install']
[0.192s] Level 1:colcon.colcon_core.package_identification:_identify(install) by extension 'ignore'
[0.192s] Level 1:colcon.colcon_core.package_identification:_identify(install) ignored
[0.192s] Level 1:colcon.colcon_core.package_identification:_identify(log) by extensions ['ignore', 'ignore_ament_install']
[0.192s] Level 1:colcon.colcon_core.package_identification:_identify(log) by extension 'ignore'
[0.192s] Level 1:colcon.colcon_core.package_identification:_identify(log) ignored
[0.192s] Level 1:colcon.colcon_core.package_identification:_identify(src) by extensions ['ignore', 'ignore_ament_install']
[0.192s] Level 1:colcon.colcon_core.package_identification:_identify(src) by extension 'ignore'
[0.192s] Level 1:colcon.colcon_core.package_identification:_identify(src) by extension 'ignore_ament_install'
[0.192s] Level 1:colcon.colcon_core.package_identification:_identify(src) by extensions ['colcon_pkg']
[0.192s] Level 1:colcon.colcon_core.package_identification:_identify(src) by extension 'colcon_pkg'
[0.192s] Level 1:colcon.colcon_core.package_identification:_identify(src) by extensions ['colcon_meta']
[0.192s] Level 1:colcon.colcon_core.package_identification:_identify(src) by extension 'colcon_meta'
[0.192s] Level 1:colcon.colcon_core.package_identification:_identify(src) by extensions ['ros']
[0.192s] Level 1:colcon.colcon_core.package_identification:_identify(src) by extension 'ros'
[0.192s] Level 1:colcon.colcon_core.package_identification:_identify(src) by extensions ['cmake', 'python']
[0.193s] Level 1:colcon.colcon_core.package_identification:_identify(src) by extension 'cmake'
[0.193s] Level 1:colcon.colcon_core.package_identification:_identify(src) by extension 'python'
[0.193s] Level 1:colcon.colcon_core.package_identification:_identify(src) by extensions ['python_setup_py']
[0.193s] Level 1:colcon.colcon_core.package_identification:_identify(src) by extension 'python_setup_py'
[0.193s] Level 1:colcon.colcon_core.package_identification:_identify(src/welder_control) by extensions ['ignore', 'ignore_ament_install']
[0.193s] Level 1:colcon.colcon_core.package_identification:_identify(src/welder_control) by extension 'ignore'
[0.193s] Level 1:colcon.colcon_core.package_identification:_identify(src/welder_control) by extension 'ignore_ament_install'
[0.193s] Level 1:colcon.colcon_core.package_identification:_identify(src/welder_control) by extensions ['colcon_pkg']
[0.193s] Level 1:colcon.colcon_core.package_identification:_identify(src/welder_control) by extension 'colcon_pkg'
[0.193s] Level 1:colcon.colcon_core.package_identification:_identify(src/welder_control) by extensions ['colcon_meta']
[0.193s] Level 1:colcon.colcon_core.package_identification:_identify(src/welder_control) by extension 'colcon_meta'
[0.193s] Level 1:colcon.colcon_core.package_identification:_identify(src/welder_control) by extensions ['ros']
[0.193s] Level 1:colcon.colcon_core.package_identification:_identify(src/welder_control) by extension 'ros'
[0.195s] DEBUG:colcon.colcon_core.package_identification:Package 'src/welder_control' with type 'ros.ament_python' and name 'welder_control'
[0.195s] Level 1:colcon.colcon_core.package_identification:_identify(src/welder_description) by extensions ['ignore', 'ignore_ament_install']
[0.195s] Level 1:colcon.colcon_core.package_identification:_identify(src/welder_description) by extension 'ignore'
[0.195s] Level 1:colcon.colcon_core.package_identification:_identify(src/welder_description) by extension 'ignore_ament_install'
[0.195s] Level 1:colcon.colcon_core.package_identification:_identify(src/welder_description) by extensions ['colcon_pkg']
[0.195s] Level 1:colcon.colcon_core.package_identification:_identify(src/welder_description) by extension 'colcon_pkg'
[0.195s] Level 1:colcon.colcon_core.package_identification:_identify(src/welder_description) by extensions ['colcon_meta']
[0.195s] Level 1:colcon.colcon_core.package_identification:_identify(src/welder_description) by extension 'colcon_meta'
[0.195s] Level 1:colcon.colcon_core.package_identification:_identify(src/welder_description) by extensions ['ros']
[0.195s] Level 1:colcon.colcon_core.package_identification:_identify(src/welder_description) by extension 'ros'
[0.195s] DEBUG:colcon.colcon_core.package_identification:Package 'src/welder_description' with type 'ros.ament_python' and name 'welder_description'
[0.195s] Level 1:colcon.colcon_core.package_identification:_identify(src/welder_moveit_config) by extensions ['ignore', 'ignore_ament_install']
[0.195s] Level 1:colcon.colcon_core.package_identification:_identify(src/welder_moveit_config) by extension 'ignore'
[0.196s] Level 1:colcon.colcon_core.package_identification:_identify(src/welder_moveit_config) by extension 'ignore_ament_install'
[0.196s] Level 1:colcon.colcon_core.package_identification:_identify(src/welder_moveit_config) by extensions ['colcon_pkg']
[0.196s] Level 1:colcon.colcon_core.package_identification:_identify(src/welder_moveit_config) by extension 'colcon_pkg'
[0.196s] Level 1:colcon.colcon_core.package_identification:_identify(src/welder_moveit_config) by extensions ['colcon_meta']
[0.196s] Level 1:colcon.colcon_core.package_identification:_identify(src/welder_moveit_config) by extension 'colcon_meta'
[0.196s] Level 1:colcon.colcon_core.package_identification:_identify(src/welder_moveit_config) by extensions ['ros']
[0.196s] Level 1:colcon.colcon_core.package_identification:_identify(src/welder_moveit_config) by extension 'ros'
[0.196s] DEBUG:colcon.colcon_core.package_identification:Package 'src/welder_moveit_config' with type 'ros.ament_cmake' and name 'welder_moveit_config'
[0.196s] Level 1:colcon.colcon_core.package_discovery:discover_packages(recursive) using defaults
[0.196s] Level 1:colcon.colcon_core.package_discovery:discover_packages(ignore) discover
[0.196s] Level 1:colcon.colcon_core.package_discovery:discover_packages(ignore) using defaults
[0.196s] Level 1:colcon.colcon_core.package_discovery:discover_packages(path) discover
[0.196s] Level 1:colcon.colcon_core.package_discovery:discover_packages(path) using defaults
[0.213s] Level 1:colcon.colcon_core.package_discovery:discover_packages(prefix_path) check parameters
[0.213s] Level 1:colcon.colcon_core.package_discovery:discover_packages(prefix_path) discover
[0.214s] DEBUG:colcon.colcon_installed_package_information.package_discovery:Found 0 installed packages in /home/kriso/arm_tuto_WS/install
[0.215s] DEBUG:colcon.colcon_installed_package_information.package_discovery:Found 336 installed packages in /opt/ros/humble
[0.216s] Level 1:colcon.colcon_core.package_discovery:discover_packages(prefix_path) using defaults
[0.240s] Level 5:colcon.colcon_core.verb:set package 'welder_control' build argument 'cmake_args' from command line to 'None'
[0.240s] Level 5:colcon.colcon_core.verb:set package 'welder_control' build argument 'cmake_target' from command line to 'None'
[0.240s] Level 5:colcon.colcon_core.verb:set package 'welder_control' build argument 'cmake_target_skip_unavailable' from command line to 'False'
[0.240s] Level 5:colcon.colcon_core.verb:set package 'welder_control' build argument 'cmake_clean_cache' from command line to 'False'
[0.240s] Level 5:colcon.colcon_core.verb:set package 'welder_control' build argument 'cmake_clean_first' from command line to 'False'
[0.240s] Level 5:colcon.colcon_core.verb:set package 'welder_control' build argument 'cmake_force_configure' from command line to 'False'
[0.240s] Level 5:colcon.colcon_core.verb:set package 'welder_control' build argument 'ament_cmake_args' from command line to 'None'
[0.240s] Level 5:colcon.colcon_core.verb:set package 'welder_control' build argument 'catkin_cmake_args' from command line to 'None'
[0.240s] Level 5:colcon.colcon_core.verb:set package 'welder_control' build argument 'catkin_skip_building_tests' from command line to 'False'
[0.240s] DEBUG:colcon.colcon_core.verb:Building package 'welder_control' with the following arguments: {'ament_cmake_args': None, 'build_base': '/home/kriso/arm_tuto_WS/build/welder_control', 'catkin_cmake_args': None, 'catkin_skip_building_tests': False, 'cmake_args': None, 'cmake_clean_cache': False, 'cmake_clean_first': False, 'cmake_force_configure': False, 'cmake_target': None, 'cmake_target_skip_unavailable': False, 'install_base': '/home/kriso/arm_tuto_WS/install/welder_control', 'merge_install': False, 'path': '/home/kriso/arm_tuto_WS/src/welder_control', 'symlink_install': True, 'test_result_base': None}
[0.241s] Level 5:colcon.colcon_core.verb:set package 'welder_description' build argument 'cmake_args' from command line to 'None'
[0.241s] Level 5:colcon.colcon_core.verb:set package 'welder_description' build argument 'cmake_target' from command line to 'None'
[0.241s] Level 5:colcon.colcon_core.verb:set package 'welder_description' build argument 'cmake_target_skip_unavailable' from command line to 'False'
[0.241s] Level 5:colcon.colcon_core.verb:set package 'welder_description' build argument 'cmake_clean_cache' from command line to 'False'
[0.241s] Level 5:colcon.colcon_core.verb:set package 'welder_description' build argument 'cmake_clean_first' from command line to 'False'
[0.241s] Level 5:colcon.colcon_core.verb:set package 'welder_description' build argument 'cmake_force_configure' from command line to 'False'
[0.241s] Level 5:colcon.colcon_core.verb:set package 'welder_description' build argument 'ament_cmake_args' from command line to 'None'
[0.241s] Level 5:colcon.colcon_core.verb:set package 'welder_description' build argument 'catkin_cmake_args' from command line to 'None'
[0.241s] Level 5:colcon.colcon_core.verb:set package 'welder_description' build argument 'catkin_skip_building_tests' from command line to 'False'
[0.241s] DEBUG:colcon.colcon_core.verb:Building package 'welder_description' with the following arguments: {'ament_cmake_args': None, 'build_base': '/home/kriso/arm_tuto_WS/build/welder_description', 'catkin_cmake_args': None, 'catkin_skip_building_tests': False, 'cmake_args': None, 'cmake_clean_cache': False, 'cmake_clean_first': False, 'cmake_force_configure': False, 'cmake_target': None, 'cmake_target_skip_unavailable': False, 'install_base': '/home/kriso/arm_tuto_WS/install/welder_description', 'merge_install': False, 'path': '/home/kriso/arm_tuto_WS/src/welder_description', 'symlink_install': True, 'test_result_base': None}
[0.241s] Level 5:colcon.colcon_core.verb:set package 'welder_moveit_config' build argument 'cmake_args' from command line to 'None'
[0.241s] Level 5:colcon.colcon_core.verb:set package 'welder_moveit_config' build argument 'cmake_target' from command line to 'None'
[0.241s] Level 5:colcon.colcon_core.verb:set package 'welder_moveit_config' build argument 'cmake_target_skip_unavailable' from command line to 'False'
[0.241s] Level 5:colcon.colcon_core.verb:set package 'welder_moveit_config' build argument 'cmake_clean_cache' from command line to 'False'
[0.241s] Level 5:colcon.colcon_core.verb:set package 'welder_moveit_config' build argument 'cmake_clean_first' from command line to 'False'
[0.241s] Level 5:colcon.colcon_core.verb:set package 'welder_moveit_config' build argument 'cmake_force_configure' from command line to 'False'
[0.241s] Level 5:colcon.colcon_core.verb:set package 'welder_moveit_config' build argument 'ament_cmake_args' from command line to 'None'
[0.241s] Level 5:colcon.colcon_core.verb:set package 'welder_moveit_config' build argument 'catkin_cmake_args' from command line to 'None'
[0.241s] Level 5:colcon.colcon_core.verb:set package 'welder_moveit_config' build argument 'catkin_skip_building_tests' from command line to 'False'
[0.241s] DEBUG:colcon.colcon_core.verb:Building package 'welder_moveit_config' with the following arguments: {'ament_cmake_args': None, 'build_base': '/home/kriso/arm_tuto_WS/build/welder_moveit_config', 'catkin_cmake_args': None, 'catkin_skip_building_tests': False, 'cmake_args': None, 'cmake_clean_cache': False, 'cmake_clean_first': False, 'cmake_force_configure': False, 'cmake_target': None, 'cmake_target_skip_unavailable': False, 'install_base': '/home/kriso/arm_tuto_WS/install/welder_moveit_config', 'merge_install': False, 'path': '/home/kriso/arm_tuto_WS/src/welder_moveit_config', 'symlink_install': True, 'test_result_base': None}
[0.241s] INFO:colcon.colcon_core.executor:Executing jobs using 'parallel' executor
[0.242s] DEBUG:colcon.colcon_parallel_executor.executor.parallel:run_until_complete
[0.242s] INFO:colcon.colcon_ros.task.ament_python.build:Building ROS package in '/home/kriso/arm_tuto_WS/src/welder_description' with build type 'ament_python'
[0.242s] Level 1:colcon.colcon_core.shell:create_environment_hook('welder_description', 'ament_prefix_path')
[0.243s] INFO:colcon.colcon_core.plugin_system:Skipping extension 'colcon_core.shell.bat': Not used on non-Windows systems
[0.243s] INFO:colcon.colcon_core.shell:Creating environment hook '/home/kriso/arm_tuto_WS/install/welder_description/share/welder_description/hook/ament_prefix_path.ps1'
[0.243s] INFO:colcon.colcon_core.shell:Creating environment descriptor '/home/kriso/arm_tuto_WS/install/welder_description/share/welder_description/hook/ament_prefix_path.dsv'
[0.244s] INFO:colcon.colcon_core.shell:Creating environment hook '/home/kriso/arm_tuto_WS/install/welder_description/share/welder_description/hook/ament_prefix_path.sh'
[0.244s] INFO:colcon.colcon_core.shell:Skip shell extension 'powershell' for command environment: Not usable outside of PowerShell
[0.244s] DEBUG:colcon.colcon_core.shell:Skip shell extension 'dsv' for command environment
[0.246s] INFO:colcon.colcon_ros.task.ament_python.build:Building ROS package in '/home/kriso/arm_tuto_WS/src/welder_control' with build type 'ament_python'
[0.246s] Level 1:colcon.colcon_core.shell:create_environment_hook('welder_control', 'ament_prefix_path')
[0.246s] INFO:colcon.colcon_core.shell:Creating environment hook '/home/kriso/arm_tuto_WS/install/welder_control/share/welder_control/hook/ament_prefix_path.ps1'
[0.246s] INFO:colcon.colcon_core.shell:Creating environment descriptor '/home/kriso/arm_tuto_WS/install/welder_control/share/welder_control/hook/ament_prefix_path.dsv'
[0.247s] INFO:colcon.colcon_core.shell:Creating environment hook '/home/kriso/arm_tuto_WS/install/welder_control/share/welder_control/hook/ament_prefix_path.sh'
[0.247s] INFO:colcon.colcon_core.shell:Skip shell extension 'powershell' for command environment: Not usable outside of PowerShell
[0.247s] DEBUG:colcon.colcon_core.shell:Skip shell extension 'dsv' for command environment
[0.408s] INFO:colcon.colcon_core.task.python.build:Building Python package in '/home/kriso/arm_tuto_WS/src/welder_description'
[0.408s] INFO:colcon.colcon_core.shell:Skip shell extension 'powershell' for command environment: Not usable outside of PowerShell
[0.408s] DEBUG:colcon.colcon_core.shell:Skip shell extension 'dsv' for command environment
[0.568s] INFO:colcon.colcon_core.task.python.build:Building Python package in '/home/kriso/arm_tuto_WS/src/welder_control'
[0.569s] INFO:colcon.colcon_core.shell:Skip shell extension 'powershell' for command environment: Not usable outside of PowerShell
[0.569s] DEBUG:colcon.colcon_core.shell:Skip shell extension 'dsv' for command environment
[0.889s] DEBUG:colcon.colcon_core.event_handler.log_command:Invoking command in '/home/kriso/arm_tuto_WS/build/welder_control': PYTHONPATH=/home/kriso/arm_tuto_WS/build/welder_control/prefix_override:/usr/lib/python3/dist-packages/colcon_core/task/python/colcon_distutils_commands:/home/kriso/arm_tuto_WS/install/welder_control/lib/python3.10/site-packages:${PYTHONPATH} /usr/bin/python3 -W ignore:setup.py install is deprecated -W ignore:easy_install command is deprecated setup.py develop --editable --build-directory /home/kriso/arm_tuto_WS/build/welder_control/build --no-deps symlink_data
[0.891s] DEBUG:colcon.colcon_core.event_handler.log_command:Invoking command in '/home/kriso/arm_tuto_WS/build/welder_description': PYTHONPATH=/home/kriso/arm_tuto_WS/build/welder_description/prefix_override:/usr/lib/python3/dist-packages/colcon_core/task/python/colcon_distutils_commands:/home/kriso/arm_tuto_WS/install/welder_description/lib/python3.10/site-packages:${PYTHONPATH} /usr/bin/python3 -W ignore:setup.py install is deprecated -W ignore:easy_install command is deprecated setup.py develop --editable --build-directory /home/kriso/arm_tuto_WS/build/welder_description/build --no-deps symlink_data
[1.213s] Level 1:colcon.colcon_core.shell:create_environment_hook('welder_control', 'pythonpath_develop')
[1.213s] INFO:colcon.colcon_core.shell:Creating environment hook '/home/kriso/arm_tuto_WS/build/welder_control/share/welder_control/hook/pythonpath_develop.ps1'
[1.214s] DEBUG:colcon.colcon_core.event_handler.log_command:Invoked command in '/home/kriso/arm_tuto_WS/build/welder_control' returned '0': PYTHONPATH=/home/kriso/arm_tuto_WS/build/welder_control/prefix_override:/usr/lib/python3/dist-packages/colcon_core/task/python/colcon_distutils_commands:/home/kriso/arm_tuto_WS/install/welder_control/lib/python3.10/site-packages:${PYTHONPATH} /usr/bin/python3 -W ignore:setup.py install is deprecated -W ignore:easy_install command is deprecated setup.py develop --editable --build-directory /home/kriso/arm_tuto_WS/build/welder_control/build --no-deps symlink_data
[1.214s] INFO:colcon.colcon_core.shell:Creating environment descriptor '/home/kriso/arm_tuto_WS/build/welder_control/share/welder_control/hook/pythonpath_develop.dsv'
[1.214s] INFO:colcon.colcon_core.shell:Creating environment hook '/home/kriso/arm_tuto_WS/build/welder_control/share/welder_control/hook/pythonpath_develop.sh'
[1.216s] Level 1:colcon.colcon_core.environment:checking '/home/kriso/arm_tuto_WS/install/welder_control' for CMake module files
[1.216s] Level 1:colcon.colcon_core.environment:checking '/home/kriso/arm_tuto_WS/install/welder_control' for CMake config files
[1.216s] Level 1:colcon.colcon_core.environment:checking '/home/kriso/arm_tuto_WS/install/welder_control/lib'
[1.216s] Level 1:colcon.colcon_core.environment:checking '/home/kriso/arm_tuto_WS/install/welder_control/bin'
[1.216s] Level 1:colcon.colcon_core.environment:checking '/home/kriso/arm_tuto_WS/install/welder_control/lib/pkgconfig/welder_control.pc'
[1.216s] Level 1:colcon.colcon_core.environment:checking '/home/kriso/arm_tuto_WS/install/welder_control/lib/python3.10/site-packages'
[1.217s] Level 1:colcon.colcon_core.shell:create_environment_hook('welder_control', 'pythonpath')
[1.217s] INFO:colcon.colcon_core.shell:Creating environment hook '/home/kriso/arm_tuto_WS/install/welder_control/share/welder_control/hook/pythonpath.ps1'
[1.217s] INFO:colcon.colcon_core.shell:Creating environment descriptor '/home/kriso/arm_tuto_WS/install/welder_control/share/welder_control/hook/pythonpath.dsv'
[1.217s] INFO:colcon.colcon_core.shell:Creating environment hook '/home/kriso/arm_tuto_WS/install/welder_control/share/welder_control/hook/pythonpath.sh'
[1.217s] Level 1:colcon.colcon_core.environment:checking '/home/kriso/arm_tuto_WS/install/welder_control/bin'
[1.217s] Level 1:colcon.colcon_core.environment:create_environment_scripts_only(welder_control)
[1.218s] INFO:colcon.colcon_core.shell:Creating package script '/home/kriso/arm_tuto_WS/install/welder_control/share/welder_control/package.ps1'
[1.218s] INFO:colcon.colcon_core.shell:Creating package descriptor '/home/kriso/arm_tuto_WS/install/welder_control/share/welder_control/package.dsv'
[1.218s] INFO:colcon.colcon_core.shell:Creating package script '/home/kriso/arm_tuto_WS/install/welder_control/share/welder_control/package.sh'
[1.219s] INFO:colcon.colcon_core.shell:Creating package script '/home/kriso/arm_tuto_WS/install/welder_control/share/welder_control/package.bash'
[1.219s] INFO:colcon.colcon_core.shell:Creating package script '/home/kriso/arm_tuto_WS/install/welder_control/share/welder_control/package.zsh'
[1.220s] Level 1:colcon.colcon_core.environment:create_file_with_runtime_dependencies(/home/kriso/arm_tuto_WS/install/welder_control/share/colcon-core/packages/welder_control)
[1.220s] Level 1:colcon.colcon_core.shell:create_environment_hook('welder_description', 'pythonpath_develop')
[1.220s] INFO:colcon.colcon_core.shell:Creating environment hook '/home/kriso/arm_tuto_WS/build/welder_description/share/welder_description/hook/pythonpath_develop.ps1'
[1.221s] DEBUG:colcon.colcon_core.event_handler.log_command:Invoked command in '/home/kriso/arm_tuto_WS/build/welder_description' returned '0': PYTHONPATH=/home/kriso/arm_tuto_WS/build/welder_description/prefix_override:/usr/lib/python3/dist-packages/colcon_core/task/python/colcon_distutils_commands:/home/kriso/arm_tuto_WS/install/welder_description/lib/python3.10/site-packages:${PYTHONPATH} /usr/bin/python3 -W ignore:setup.py install is deprecated -W ignore:easy_install command is deprecated setup.py develop --editable --build-directory /home/kriso/arm_tuto_WS/build/welder_description/build --no-deps symlink_data
[1.221s] INFO:colcon.colcon_core.shell:Creating environment descriptor '/home/kriso/arm_tuto_WS/build/welder_description/share/welder_description/hook/pythonpath_develop.dsv'
[1.221s] INFO:colcon.colcon_core.shell:Creating environment hook '/home/kriso/arm_tuto_WS/build/welder_description/share/welder_description/hook/pythonpath_develop.sh'
[1.221s] Level 1:colcon.colcon_core.environment:checking '/home/kriso/arm_tuto_WS/install/welder_description' for CMake module files
[1.222s] Level 1:colcon.colcon_core.environment:checking '/home/kriso/arm_tuto_WS/install/welder_description' for CMake config files
[1.222s] Level 1:colcon.colcon_core.environment:checking '/home/kriso/arm_tuto_WS/install/welder_description/lib'
[1.222s] Level 1:colcon.colcon_core.environment:checking '/home/kriso/arm_tuto_WS/install/welder_description/bin'
[1.222s] Level 1:colcon.colcon_core.environment:checking '/home/kriso/arm_tuto_WS/install/welder_description/lib/pkgconfig/welder_description.pc'
[1.222s] Level 1:colcon.colcon_core.environment:checking '/home/kriso/arm_tuto_WS/install/welder_description/lib/python3.10/site-packages'
[1.222s] Level 1:colcon.colcon_core.shell:create_environment_hook('welder_description', 'pythonpath')
[1.222s] INFO:colcon.colcon_core.shell:Creating environment hook '/home/kriso/arm_tuto_WS/install/welder_description/share/welder_description/hook/pythonpath.ps1'
[1.223s] INFO:colcon.colcon_core.shell:Creating environment descriptor '/home/kriso/arm_tuto_WS/install/welder_description/share/welder_description/hook/pythonpath.dsv'
[1.223s] INFO:colcon.colcon_core.shell:Creating environment hook '/home/kriso/arm_tuto_WS/install/welder_description/share/welder_description/hook/pythonpath.sh'
[1.223s] Level 1:colcon.colcon_core.environment:checking '/home/kriso/arm_tuto_WS/install/welder_description/bin'
[1.223s] Level 1:colcon.colcon_core.environment:create_environment_scripts_only(welder_description)
[1.223s] INFO:colcon.colcon_core.shell:Creating package script '/home/kriso/arm_tuto_WS/install/welder_description/share/welder_description/package.ps1'
[1.223s] INFO:colcon.colcon_core.shell:Creating package descriptor '/home/kriso/arm_tuto_WS/install/welder_description/share/welder_description/package.dsv'
[1.224s] INFO:colcon.colcon_core.shell:Creating package script '/home/kriso/arm_tuto_WS/install/welder_description/share/welder_description/package.sh'
[1.224s] INFO:colcon.colcon_core.shell:Creating package script '/home/kriso/arm_tuto_WS/install/welder_description/share/welder_description/package.bash'
[1.224s] INFO:colcon.colcon_core.shell:Creating package script '/home/kriso/arm_tuto_WS/install/welder_description/share/welder_description/package.zsh'
[1.224s] Level 1:colcon.colcon_core.environment:create_file_with_runtime_dependencies(/home/kriso/arm_tuto_WS/install/welder_description/share/colcon-core/packages/welder_description)
[1.224s] INFO:colcon.colcon_ros.task.ament_cmake.build:Building ROS package in '/home/kriso/arm_tuto_WS/src/welder_moveit_config' with build type 'ament_cmake'
[1.224s] INFO:colcon.colcon_cmake.task.cmake.build:Building CMake package in '/home/kriso/arm_tuto_WS/src/welder_moveit_config'
[1.225s] INFO:colcon.colcon_core.shell:Skip shell extension 'powershell' for command environment: Not usable outside of PowerShell
[1.225s] DEBUG:colcon.colcon_core.shell:Skip shell extension 'dsv' for command environment
[1.229s] DEBUG:colcon.colcon_core.event_handler.log_command:Invoking command in '/home/kriso/arm_tuto_WS/build/welder_moveit_config': AMENT_PREFIX_PATH=/home/kriso/arm_tuto_WS/install/welder_description:${AMENT_PREFIX_PATH} CMAKE_PREFIX_PATH=/opt/ros/humble PYTHONPATH=/home/kriso/arm_tuto_WS/build/welder_description:/home/kriso/arm_tuto_WS/install/welder_description/lib/python3.10/site-packages:${PYTHONPATH} /usr/bin/cmake /home/kriso/arm_tuto_WS/src/welder_moveit_config -DAMENT_CMAKE_SYMLINK_INSTALL=1 -DCMAKE_INSTALL_PREFIX=/home/kriso/arm_tuto_WS/install/welder_moveit_config
[1.599s] DEBUG:colcon.colcon_core.event_handler.log_command:Invoked command in '/home/kriso/arm_tuto_WS/build/welder_moveit_config' returned '0': AMENT_PREFIX_PATH=/home/kriso/arm_tuto_WS/install/welder_description:${AMENT_PREFIX_PATH} CMAKE_PREFIX_PATH=/opt/ros/humble PYTHONPATH=/home/kriso/arm_tuto_WS/build/welder_description:/home/kriso/arm_tuto_WS/install/welder_description/lib/python3.10/site-packages:${PYTHONPATH} /usr/bin/cmake /home/kriso/arm_tuto_WS/src/welder_moveit_config -DAMENT_CMAKE_SYMLINK_INSTALL=1 -DCMAKE_INSTALL_PREFIX=/home/kriso/arm_tuto_WS/install/welder_moveit_config
[1.600s] DEBUG:colcon.colcon_core.event_handler.log_command:Invoking command in '/home/kriso/arm_tuto_WS/build/welder_moveit_config': AMENT_PREFIX_PATH=/home/kriso/arm_tuto_WS/install/welder_description:${AMENT_PREFIX_PATH} CMAKE_PREFIX_PATH=/opt/ros/humble PYTHONPATH=/home/kriso/arm_tuto_WS/build/welder_description:/home/kriso/arm_tuto_WS/install/welder_description/lib/python3.10/site-packages:${PYTHONPATH} /usr/bin/cmake --build /home/kriso/arm_tuto_WS/build/welder_moveit_config -- -j16 -l16
[1.621s] DEBUG:colcon.colcon_core.event_handler.log_command:Invoked command in '/home/kriso/arm_tuto_WS/build/welder_moveit_config' returned '0': AMENT_PREFIX_PATH=/home/kriso/arm_tuto_WS/install/welder_description:${AMENT_PREFIX_PATH} CMAKE_PREFIX_PATH=/opt/ros/humble PYTHONPATH=/home/kriso/arm_tuto_WS/build/welder_description:/home/kriso/arm_tuto_WS/install/welder_description/lib/python3.10/site-packages:${PYTHONPATH} /usr/bin/cmake --build /home/kriso/arm_tuto_WS/build/welder_moveit_config -- -j16 -l16
[1.626s] DEBUG:colcon.colcon_core.event_handler.log_command:Invoking command in '/home/kriso/arm_tuto_WS/build/welder_moveit_config': AMENT_PREFIX_PATH=/home/kriso/arm_tuto_WS/install/welder_description:${AMENT_PREFIX_PATH} CMAKE_PREFIX_PATH=/opt/ros/humble PYTHONPATH=/home/kriso/arm_tuto_WS/build/welder_description:/home/kriso/arm_tuto_WS/install/welder_description/lib/python3.10/site-packages:${PYTHONPATH} /usr/bin/cmake --install /home/kriso/arm_tuto_WS/build/welder_moveit_config
[1.845s] Level 1:colcon.colcon_core.environment:create_environment_scripts_only(welder_moveit_config)
[1.846s] Level 1:colcon.colcon_core.environment:checking '/home/kriso/arm_tuto_WS/install/welder_moveit_config' for CMake module files
[1.846s] DEBUG:colcon.colcon_core.event_handler.log_command:Invoked command in '/home/kriso/arm_tuto_WS/build/welder_moveit_config' returned '0': AMENT_PREFIX_PATH=/home/kriso/arm_tuto_WS/install/welder_description:${AMENT_PREFIX_PATH} CMAKE_PREFIX_PATH=/opt/ros/humble PYTHONPATH=/home/kriso/arm_tuto_WS/build/welder_description:/home/kriso/arm_tuto_WS/install/welder_description/lib/python3.10/site-packages:${PYTHONPATH} /usr/bin/cmake --install /home/kriso/arm_tuto_WS/build/welder_moveit_config
[1.846s] Level 1:colcon.colcon_core.environment:checking '/home/kriso/arm_tuto_WS/install/welder_moveit_config' for CMake config files
[1.847s] Level 1:colcon.colcon_core.shell:create_environment_hook('welder_moveit_config', 'cmake_prefix_path')
[1.847s] INFO:colcon.colcon_core.shell:Creating environment hook '/home/kriso/arm_tuto_WS/install/welder_moveit_config/share/welder_moveit_config/hook/cmake_prefix_path.ps1'
[1.847s] INFO:colcon.colcon_core.shell:Creating environment descriptor '/home/kriso/arm_tuto_WS/install/welder_moveit_config/share/welder_moveit_config/hook/cmake_prefix_path.dsv'
[1.848s] INFO:colcon.colcon_core.shell:Creating environment hook '/home/kriso/arm_tuto_WS/install/welder_moveit_config/share/welder_moveit_config/hook/cmake_prefix_path.sh'
[1.848s] Level 1:colcon.colcon_core.environment:checking '/home/kriso/arm_tuto_WS/install/welder_moveit_config/bin'
[1.848s] Level 1:colcon.colcon_core.environment:checking '/home/kriso/arm_tuto_WS/install/welder_moveit_config/lib/pkgconfig/welder_moveit_config.pc'
[1.848s] Level 1:colcon.colcon_core.environment:checking '/home/kriso/arm_tuto_WS/install/welder_moveit_config/lib/python3.10/site-packages'
[1.849s] Level 1:colcon.colcon_core.environment:checking '/home/kriso/arm_tuto_WS/install/welder_moveit_config/bin'
[1.849s] INFO:colcon.colcon_core.shell:Creating package script '/home/kriso/arm_tuto_WS/install/welder_moveit_config/share/welder_moveit_config/package.ps1'
[1.849s] INFO:colcon.colcon_core.shell:Creating package descriptor '/home/kriso/arm_tuto_WS/install/welder_moveit_config/share/welder_moveit_config/package.dsv'
[1.850s] INFO:colcon.colcon_core.shell:Creating package script '/home/kriso/arm_tuto_WS/install/welder_moveit_config/share/welder_moveit_config/package.sh'
[1.850s] INFO:colcon.colcon_core.shell:Creating package script '/home/kriso/arm_tuto_WS/install/welder_moveit_config/share/welder_moveit_config/package.bash'
[1.850s] INFO:colcon.colcon_core.shell:Creating package script '/home/kriso/arm_tuto_WS/install/welder_moveit_config/share/welder_moveit_config/package.zsh'
[1.851s] Level 1:colcon.colcon_core.environment:create_file_with_runtime_dependencies(/home/kriso/arm_tuto_WS/install/welder_moveit_config/share/colcon-core/packages/welder_moveit_config)
[1.851s] Level 1:colcon.colcon_core.environment:create_environment_scripts_only(welder_moveit_config)
[1.852s] Level 1:colcon.colcon_core.environment:checking '/home/kriso/arm_tuto_WS/install/welder_moveit_config' for CMake module files
[1.852s] Level 1:colcon.colcon_core.environment:checking '/home/kriso/arm_tuto_WS/install/welder_moveit_config' for CMake config files
[1.852s] Level 1:colcon.colcon_core.shell:create_environment_hook('welder_moveit_config', 'cmake_prefix_path')
[1.853s] INFO:colcon.colcon_core.shell:Creating environment hook '/home/kriso/arm_tuto_WS/install/welder_moveit_config/share/welder_moveit_config/hook/cmake_prefix_path.ps1'
[1.853s] INFO:colcon.colcon_core.shell:Creating environment descriptor '/home/kriso/arm_tuto_WS/install/welder_moveit_config/share/welder_moveit_config/hook/cmake_prefix_path.dsv'
[1.854s] INFO:colcon.colcon_core.shell:Creating environment hook '/home/kriso/arm_tuto_WS/install/welder_moveit_config/share/welder_moveit_config/hook/cmake_prefix_path.sh'
[1.854s] Level 1:colcon.colcon_core.environment:checking '/home/kriso/arm_tuto_WS/install/welder_moveit_config/bin'
[1.854s] Level 1:colcon.colcon_core.environment:checking '/home/kriso/arm_tuto_WS/install/welder_moveit_config/lib/pkgconfig/welder_moveit_config.pc'
[1.855s] Level 1:colcon.colcon_core.environment:checking '/home/kriso/arm_tuto_WS/install/welder_moveit_config/lib/python3.10/site-packages'
[1.855s] Level 1:colcon.colcon_core.environment:checking '/home/kriso/arm_tuto_WS/install/welder_moveit_config/bin'
[1.855s] INFO:colcon.colcon_core.shell:Creating package script '/home/kriso/arm_tuto_WS/install/welder_moveit_config/share/welder_moveit_config/package.ps1'
[1.856s] INFO:colcon.colcon_core.shell:Creating package descriptor '/home/kriso/arm_tuto_WS/install/welder_moveit_config/share/welder_moveit_config/package.dsv'
[1.856s] INFO:colcon.colcon_core.shell:Creating package script '/home/kriso/arm_tuto_WS/install/welder_moveit_config/share/welder_moveit_config/package.sh'
[1.857s] INFO:colcon.colcon_core.shell:Creating package script '/home/kriso/arm_tuto_WS/install/welder_moveit_config/share/welder_moveit_config/package.bash'
[1.857s] INFO:colcon.colcon_core.shell:Creating package script '/home/kriso/arm_tuto_WS/install/welder_moveit_config/share/welder_moveit_config/package.zsh'
[1.858s] Level 1:colcon.colcon_core.environment:create_file_with_runtime_dependencies(/home/kriso/arm_tuto_WS/install/welder_moveit_config/share/colcon-core/packages/welder_moveit_config)
[1.858s] DEBUG:colcon.colcon_parallel_executor.executor.parallel:closing loop
[1.858s] DEBUG:colcon.colcon_parallel_executor.executor.parallel:loop closed
[1.858s] DEBUG:colcon.colcon_parallel_executor.executor.parallel:run_until_complete finished with '0'
[1.858s] DEBUG:colcon.colcon_core.event_reactor:joining thread
[1.863s] INFO:colcon.colcon_core.plugin_system:Skipping extension 'colcon_notification.desktop_notification.terminal_notifier': Not used on non-Darwin systems
[1.863s] INFO:colcon.colcon_core.plugin_system:Skipping extension 'colcon_notification.desktop_notification.win32': Not used on non-Windows systems
[1.863s] INFO:colcon.colcon_notification.desktop_notification:Sending desktop notification using 'notify2'
[1.870s] DEBUG:colcon.colcon_core.event_reactor:joined thread
[1.870s] INFO:colcon.colcon_core.shell:Creating prefix script '/home/kriso/arm_tuto_WS/install/local_setup.ps1'
[1.871s] INFO:colcon.colcon_core.shell:Creating prefix util module '/home/kriso/arm_tuto_WS/install/_local_setup_util_ps1.py'
[1.872s] INFO:colcon.colcon_core.shell:Creating prefix chain script '/home/kriso/arm_tuto_WS/install/setup.ps1'
[1.873s] INFO:colcon.colcon_core.shell:Creating prefix script '/home/kriso/arm_tuto_WS/install/local_setup.sh'
[1.873s] INFO:colcon.colcon_core.shell:Creating prefix util module '/home/kriso/arm_tuto_WS/install/_local_setup_util_sh.py'
[1.873s] INFO:colcon.colcon_core.shell:Creating prefix chain script '/home/kriso/arm_tuto_WS/install/setup.sh'
[1.874s] INFO:colcon.colcon_core.shell:Creating prefix script '/home/kriso/arm_tuto_WS/install/local_setup.bash'
[1.874s] INFO:colcon.colcon_core.shell:Creating prefix chain script '/home/kriso/arm_tuto_WS/install/setup.bash'
[1.874s] INFO:colcon.colcon_core.shell:Creating prefix script '/home/kriso/arm_tuto_WS/install/local_setup.zsh'
[1.875s] INFO:colcon.colcon_core.shell:Creating prefix chain script '/home/kriso/arm_tuto_WS/install/setup.zsh'
