[0.710s] Invoking command in '/home/kriso/arm_tuto_WS/src/welder_control': PYTHONPATH=/home/kriso/arm_tuto_WS/build/welder_control/prefix_override:/usr/lib/python3/dist-packages/colcon_core/task/python/colcon_distutils_commands:/home/kriso/arm_tuto_WS/install/welder_control/lib/python3.10/site-packages:${PYTHONPATH} /usr/bin/python3 -W ignore:setup.py install is deprecated -W ignore:easy_install command is deprecated setup.py egg_info --egg-base ../../build/welder_control build --build-base /home/kriso/arm_tuto_WS/build/welder_control/build install --record /home/kriso/arm_tuto_WS/build/welder_control/install.log --single-version-externally-managed install_data
[0.878s] running egg_info
[0.878s] writing ../../build/welder_control/welder_control.egg-info/PKG-INFO
[0.878s] writing dependency_links to ../../build/welder_control/welder_control.egg-info/dependency_links.txt
[0.878s] writing entry points to ../../build/welder_control/welder_control.egg-info/entry_points.txt
[0.879s] writing requirements to ../../build/welder_control/welder_control.egg-info/requires.txt
[0.879s] writing top-level names to ../../build/welder_control/welder_control.egg-info/top_level.txt
[0.879s] reading manifest file '../../build/welder_control/welder_control.egg-info/SOURCES.txt'
[0.880s] writing manifest file '../../build/welder_control/welder_control.egg-info/SOURCES.txt'
[0.880s] running build
[0.880s] running build_py
[0.880s] running install
[0.880s] running install_lib
[0.881s] running install_data
[0.881s] running install_egg_info
[0.882s] removing '/home/kriso/arm_tuto_WS/install/welder_control/lib/python3.10/site-packages/welder_control-0.0.0-py3.10.egg-info' (and everything under it)
[0.882s] Copying ../../build/welder_control/welder_control.egg-info to /home/kriso/arm_tuto_WS/install/welder_control/lib/python3.10/site-packages/welder_control-0.0.0-py3.10.egg-info
[0.883s] running install_scripts
[0.896s] Installing welder_cont script to /home/kriso/arm_tuto_WS/install/welder_control/lib/welder_control
[0.896s] writing list of installed files to '/home/kriso/arm_tuto_WS/build/welder_control/install.log'
[0.913s] Invoked command in '/home/kriso/arm_tuto_WS/src/welder_control' returned '0': PYTHONPATH=/home/kriso/arm_tuto_WS/build/welder_control/prefix_override:/usr/lib/python3/dist-packages/colcon_core/task/python/colcon_distutils_commands:/home/kriso/arm_tuto_WS/install/welder_control/lib/python3.10/site-packages:${PYTHONPATH} /usr/bin/python3 -W ignore:setup.py install is deprecated -W ignore:easy_install command is deprecated setup.py egg_info --egg-base ../../build/welder_control build --build-base /home/kriso/arm_tuto_WS/build/welder_control/build install --record /home/kriso/arm_tuto_WS/build/welder_control/install.log --single-version-externally-managed install_data
